2023-04-14 07:19:47,161 INFO [main] o.a.n.b.NotificationServiceManager Successfully loaded the following 0 services: []
2023-04-14 07:19:47,166 INFO [main] org.apache.nifi.bootstrap.RunNiFi Registered no Notification Services for Notification Type NIFI_STARTED
2023-04-14 07:19:47,166 INFO [main] org.apache.nifi.bootstrap.RunNiFi Registered no Notification Services for Notification Type NIFI_STOPPED
2023-04-14 07:19:47,166 INFO [main] org.apache.nifi.bootstrap.RunNiFi Registered no Notification Services for Notification Type NIFI_DIED
2023-04-14 07:19:47,194 INFO [main] org.apache.nifi.bootstrap.Command Apache NiFi is already running, listening to Bootstrap on port 41361
2023-04-14 07:20:39,256 INFO [main] o.a.n.b.NotificationServiceManager Successfully loaded the following 0 services: []
2023-04-14 07:20:39,258 INFO [main] org.apache.nifi.bootstrap.RunNiFi Registered no Notification Services for Notification Type NIFI_STARTED
2023-04-14 07:20:39,258 INFO [main] org.apache.nifi.bootstrap.RunNiFi Registered no Notification Services for Notification Type NIFI_STOPPED
2023-04-14 07:20:39,258 INFO [main] org.apache.nifi.bootstrap.RunNiFi Registered no Notification Services for Notification Type NIFI_DIED
2023-04-14 07:20:39,299 INFO [main] org.apache.nifi.bootstrap.RunNiFi Runtime Java version: 1.8.0_332
2023-04-14 07:20:39,312 INFO [main] org.apache.nifi.bootstrap.Command Starting Apache NiFi...
2023-04-14 07:20:39,313 INFO [main] org.apache.nifi.bootstrap.Command Working Directory: /opt/nifi/nifi-current
2023-04-14 07:20:39,313 INFO [main] org.apache.nifi.bootstrap.Command Command: /usr/local/openjdk-8/bin/java -classpath /opt/nifi/nifi-current/./conf:/opt/nifi/nifi-current/./lib/nifi-framework-api-1.18.0.jar:/opt/nifi/nifi-current/./lib/nifi-api-1.18.0.jar:/opt/nifi/nifi-current/./lib/nifi-runtime-1.18.0.jar:/opt/nifi/nifi-current/./lib/jetty-schemas-5.2.jar:/opt/nifi/nifi-current/./lib/jcl-over-slf4j-1.7.36.jar:/opt/nifi/nifi-current/./lib/jul-to-slf4j-1.7.36.jar:/opt/nifi/nifi-current/./lib/javax.servlet-api-3.1.0.jar:/opt/nifi/nifi-current/./lib/logback-core-1.2.11.jar:/opt/nifi/nifi-current/./lib/slf4j-api-1.7.36.jar:/opt/nifi/nifi-current/./lib/nifi-properties-1.18.0.jar:/opt/nifi/nifi-current/./lib/nifi-property-utils-1.18.0.jar:/opt/nifi/nifi-current/./lib/logback-classic-1.2.11.jar:/opt/nifi/nifi-current/./lib/nifi-server-api-1.18.0.jar:/opt/nifi/nifi-current/./lib/nifi-nar-utils-1.18.0.jar:/opt/nifi/nifi-current/./lib/nifi-stateless-bootstrap-1.18.0.jar:/opt/nifi/nifi-current/./lib/nifi-stateless-api-1.18.0.jar:/opt/nifi/nifi-current/./lib/log4j-over-slf4j-1.7.36.jar -Dorg.apache.jasper.compiler.disablejsr199=true -Xmx512m -Xms512m -Dcurator-log-only-first-connection-issue-as-error-level=true -Djavax.security.auth.useSubjectCredsOnly=true -Djava.security.egd=file:/dev/urandom -Dzookeeper.admin.enableServer=false -Dsun.net.http.allowRestrictedHeaders=true -Djava.net.preferIPv4Stack=true -Djava.awt.headless=true -Djava.protocol.handler.pkgs=sun.net.www.protocol -Dnifi.properties.file.path=/opt/nifi/nifi-current/./conf/nifi.properties -Dnifi.bootstrap.listen.port=42641 -Dapp=NiFi -Dorg.apache.nifi.bootstrap.config.log.dir=/opt/nifi/nifi-current/logs org.apache.nifi.NiFi 
2023-04-14 07:20:39,322 INFO [main] org.apache.nifi.bootstrap.Command Launched Apache NiFi with Process ID 92
2023-04-14 07:20:39,636 INFO [NiFi Bootstrap Command Listener] org.apache.nifi.bootstrap.RunNiFi Apache NiFi now running and listening for Bootstrap requests on port 40355
2023-04-14 08:55:08,578 INFO [main] o.a.n.b.NotificationServiceManager Successfully loaded the following 0 services: []
2023-04-14 08:55:08,580 INFO [main] org.apache.nifi.bootstrap.RunNiFi Registered no Notification Services for Notification Type NIFI_STARTED
2023-04-14 08:55:08,581 INFO [main] org.apache.nifi.bootstrap.RunNiFi Registered no Notification Services for Notification Type NIFI_STOPPED
2023-04-14 08:55:08,581 INFO [main] org.apache.nifi.bootstrap.RunNiFi Registered no Notification Services for Notification Type NIFI_DIED
2023-04-14 08:55:08,592 INFO [main] org.apache.nifi.bootstrap.Command Apache NiFi has accepted the Shutdown Command and is shutting down now
2023-04-14 08:55:08,614 INFO [main] org.apache.nifi.bootstrap.Command NiFi PID [92] shutdown in progress...
2023-04-14 08:55:10,625 INFO [main] org.apache.nifi.bootstrap.Command NiFi PID [92] shutdown in progress...
2023-04-14 08:55:11,731 INFO [main] org.apache.nifi.bootstrap.RunNiFi A shutdown was initiated. Will not restart NiFi
2023-04-14 08:55:12,635 INFO [main] org.apache.nifi.bootstrap.Command NiFi PID [92] shutdown completed
2023-04-14 08:57:47,951 INFO [main] o.a.n.b.NotificationServiceManager Successfully loaded the following 0 services: []
2023-04-14 08:57:47,953 INFO [main] org.apache.nifi.bootstrap.RunNiFi Registered no Notification Services for Notification Type NIFI_STARTED
2023-04-14 08:57:47,954 INFO [main] org.apache.nifi.bootstrap.RunNiFi Registered no Notification Services for Notification Type NIFI_STOPPED
2023-04-14 08:57:47,954 INFO [main] org.apache.nifi.bootstrap.RunNiFi Registered no Notification Services for Notification Type NIFI_DIED
2023-04-14 08:57:47,959 INFO [main] org.apache.nifi.bootstrap.RunNiFi Runtime Java version: 1.8.0_332
2023-04-14 08:57:47,982 INFO [main] org.apache.nifi.bootstrap.Command Starting Apache NiFi...
2023-04-14 08:57:47,983 INFO [main] org.apache.nifi.bootstrap.Command Working Directory: /opt/nifi/nifi-current
2023-04-14 08:57:47,983 INFO [main] org.apache.nifi.bootstrap.Command Command: /usr/local/openjdk-8/bin/java -classpath /opt/nifi/nifi-current/./conf:/opt/nifi/nifi-current/./lib/nifi-framework-api-1.18.0.jar:/opt/nifi/nifi-current/./lib/nifi-api-1.18.0.jar:/opt/nifi/nifi-current/./lib/nifi-runtime-1.18.0.jar:/opt/nifi/nifi-current/./lib/jetty-schemas-5.2.jar:/opt/nifi/nifi-current/./lib/jcl-over-slf4j-1.7.36.jar:/opt/nifi/nifi-current/./lib/jul-to-slf4j-1.7.36.jar:/opt/nifi/nifi-current/./lib/javax.servlet-api-3.1.0.jar:/opt/nifi/nifi-current/./lib/logback-core-1.2.11.jar:/opt/nifi/nifi-current/./lib/slf4j-api-1.7.36.jar:/opt/nifi/nifi-current/./lib/nifi-properties-1.18.0.jar:/opt/nifi/nifi-current/./lib/nifi-property-utils-1.18.0.jar:/opt/nifi/nifi-current/./lib/logback-classic-1.2.11.jar:/opt/nifi/nifi-current/./lib/nifi-server-api-1.18.0.jar:/opt/nifi/nifi-current/./lib/nifi-nar-utils-1.18.0.jar:/opt/nifi/nifi-current/./lib/nifi-stateless-bootstrap-1.18.0.jar:/opt/nifi/nifi-current/./lib/nifi-stateless-api-1.18.0.jar:/opt/nifi/nifi-current/./lib/log4j-over-slf4j-1.7.36.jar -Dorg.apache.jasper.compiler.disablejsr199=true -Xmx512m -Xms512m -Dcurator-log-only-first-connection-issue-as-error-level=true -Djavax.security.auth.useSubjectCredsOnly=true -Djava.security.egd=file:/dev/urandom -Dzookeeper.admin.enableServer=false -Dsun.net.http.allowRestrictedHeaders=true -Djava.net.preferIPv4Stack=true -Djava.awt.headless=true -Djava.protocol.handler.pkgs=sun.net.www.protocol -Dnifi.properties.file.path=/opt/nifi/nifi-current/./conf/nifi.properties -Dnifi.bootstrap.listen.port=37809 -Dapp=NiFi -Dorg.apache.nifi.bootstrap.config.log.dir=/opt/nifi/nifi-current/logs org.apache.nifi.NiFi 
2023-04-14 08:57:48,016 INFO [main] org.apache.nifi.bootstrap.Command Launched Apache NiFi with Process ID 90
2023-04-14 08:57:48,408 INFO [NiFi Bootstrap Command Listener] org.apache.nifi.bootstrap.RunNiFi Apache NiFi now running and listening for Bootstrap requests on port 37813
