2023-10-29 13:44:58,351 INFO [main] o.a.n.b.NotificationServiceManager Successfully loaded the following 0 services: []
2023-10-29 13:44:58,362 INFO [main] org.apache.nifi.bootstrap.RunNiFi Registered no Notification Services for Notification Type NIFI_STARTED
2023-10-29 13:44:58,362 INFO [main] org.apache.nifi.bootstrap.RunNiFi Registered no Notification Services for Notification Type NIFI_STOPPED
2023-10-29 13:44:58,362 INFO [main] org.apache.nifi.bootstrap.RunNiFi Registered no Notification Services for Notification Type NIFI_DIED
2023-10-29 13:44:58,394 INFO [main] org.apache.nifi.bootstrap.RunNiFi Runtime Java version: 1.8.0_332
2023-10-29 13:44:58,412 INFO [main] org.apache.nifi.bootstrap.Command Starting Apache NiFi...
2023-10-29 13:44:58,412 INFO [main] org.apache.nifi.bootstrap.Command Working Directory: /opt/nifi/nifi-current
2023-10-29 13:44:58,413 INFO [main] org.apache.nifi.bootstrap.Command Command: /usr/local/openjdk-8/bin/java -classpath /opt/nifi/nifi-current/./conf:/opt/nifi/nifi-current/./lib/nifi-framework-api-1.18.0.jar:/opt/nifi/nifi-current/./lib/nifi-api-1.18.0.jar:/opt/nifi/nifi-current/./lib/nifi-runtime-1.18.0.jar:/opt/nifi/nifi-current/./lib/jetty-schemas-5.2.jar:/opt/nifi/nifi-current/./lib/jcl-over-slf4j-1.7.36.jar:/opt/nifi/nifi-current/./lib/jul-to-slf4j-1.7.36.jar:/opt/nifi/nifi-current/./lib/javax.servlet-api-3.1.0.jar:/opt/nifi/nifi-current/./lib/logback-core-1.2.11.jar:/opt/nifi/nifi-current/./lib/slf4j-api-1.7.36.jar:/opt/nifi/nifi-current/./lib/nifi-properties-1.18.0.jar:/opt/nifi/nifi-current/./lib/nifi-property-utils-1.18.0.jar:/opt/nifi/nifi-current/./lib/logback-classic-1.2.11.jar:/opt/nifi/nifi-current/./lib/nifi-server-api-1.18.0.jar:/opt/nifi/nifi-current/./lib/nifi-nar-utils-1.18.0.jar:/opt/nifi/nifi-current/./lib/nifi-stateless-bootstrap-1.18.0.jar:/opt/nifi/nifi-current/./lib/nifi-stateless-api-1.18.0.jar:/opt/nifi/nifi-current/./lib/log4j-over-slf4j-1.7.36.jar -Dorg.apache.jasper.compiler.disablejsr199=true -Xmx512m -Xms512m -Dcurator-log-only-first-connection-issue-as-error-level=true -Djavax.security.auth.useSubjectCredsOnly=true -Djava.security.egd=file:/dev/urandom -Dzookeeper.admin.enableServer=false -Dsun.net.http.allowRestrictedHeaders=true -Djava.net.preferIPv4Stack=true -Djava.awt.headless=true -Djava.protocol.handler.pkgs=sun.net.www.protocol -Dnifi.properties.file.path=/opt/nifi/nifi-current/./conf/nifi.properties -Dnifi.bootstrap.listen.port=38381 -Dapp=NiFi -Dorg.apache.nifi.bootstrap.config.log.dir=/opt/nifi/nifi-current/logs org.apache.nifi.NiFi 
2023-10-29 13:44:58,428 INFO [main] org.apache.nifi.bootstrap.Command Launched Apache NiFi with Process ID 93
2023-10-29 13:44:58,857 INFO [NiFi Bootstrap Command Listener] org.apache.nifi.bootstrap.RunNiFi Apache NiFi now running and listening for Bootstrap requests on port 36735
2023-10-29 14:08:05,520 INFO [main] o.a.n.b.NotificationServiceManager Successfully loaded the following 0 services: []
2023-10-29 14:08:05,523 INFO [main] org.apache.nifi.bootstrap.RunNiFi Registered no Notification Services for Notification Type NIFI_STARTED
2023-10-29 14:08:05,523 INFO [main] org.apache.nifi.bootstrap.RunNiFi Registered no Notification Services for Notification Type NIFI_STOPPED
2023-10-29 14:08:05,523 INFO [main] org.apache.nifi.bootstrap.RunNiFi Registered no Notification Services for Notification Type NIFI_DIED
2023-10-29 14:08:05,539 INFO [main] org.apache.nifi.bootstrap.Command Apache NiFi has accepted the Shutdown Command and is shutting down now
2023-10-29 14:08:05,559 INFO [main] org.apache.nifi.bootstrap.Command NiFi PID [93] shutdown in progress...
2023-10-29 14:08:07,561 INFO [main] org.apache.nifi.bootstrap.Command NiFi PID [93] shutdown completed
2023-10-29 14:08:07,924 INFO [main] org.apache.nifi.bootstrap.RunNiFi Status File no longer exists. Will not restart NiFi
2023-10-29 15:28:55,043 INFO [main] o.a.n.b.NotificationServiceManager Successfully loaded the following 0 services: []
2023-10-29 15:28:55,046 INFO [main] org.apache.nifi.bootstrap.RunNiFi Registered no Notification Services for Notification Type NIFI_STARTED
2023-10-29 15:28:55,046 INFO [main] org.apache.nifi.bootstrap.RunNiFi Registered no Notification Services for Notification Type NIFI_STOPPED
2023-10-29 15:28:55,046 INFO [main] org.apache.nifi.bootstrap.RunNiFi Registered no Notification Services for Notification Type NIFI_DIED
2023-10-29 15:28:55,062 INFO [main] org.apache.nifi.bootstrap.RunNiFi Runtime Java version: 1.8.0_332
2023-10-29 15:28:55,083 INFO [main] org.apache.nifi.bootstrap.Command Starting Apache NiFi...
2023-10-29 15:28:55,083 INFO [main] org.apache.nifi.bootstrap.Command Working Directory: /opt/nifi/nifi-current
2023-10-29 15:28:55,083 INFO [main] org.apache.nifi.bootstrap.Command Command: /usr/local/openjdk-8/bin/java -classpath /opt/nifi/nifi-current/./conf:/opt/nifi/nifi-current/./lib/nifi-framework-api-1.18.0.jar:/opt/nifi/nifi-current/./lib/nifi-api-1.18.0.jar:/opt/nifi/nifi-current/./lib/nifi-runtime-1.18.0.jar:/opt/nifi/nifi-current/./lib/jetty-schemas-5.2.jar:/opt/nifi/nifi-current/./lib/jcl-over-slf4j-1.7.36.jar:/opt/nifi/nifi-current/./lib/jul-to-slf4j-1.7.36.jar:/opt/nifi/nifi-current/./lib/javax.servlet-api-3.1.0.jar:/opt/nifi/nifi-current/./lib/logback-core-1.2.11.jar:/opt/nifi/nifi-current/./lib/slf4j-api-1.7.36.jar:/opt/nifi/nifi-current/./lib/nifi-properties-1.18.0.jar:/opt/nifi/nifi-current/./lib/nifi-property-utils-1.18.0.jar:/opt/nifi/nifi-current/./lib/logback-classic-1.2.11.jar:/opt/nifi/nifi-current/./lib/nifi-server-api-1.18.0.jar:/opt/nifi/nifi-current/./lib/nifi-nar-utils-1.18.0.jar:/opt/nifi/nifi-current/./lib/nifi-stateless-bootstrap-1.18.0.jar:/opt/nifi/nifi-current/./lib/nifi-stateless-api-1.18.0.jar:/opt/nifi/nifi-current/./lib/log4j-over-slf4j-1.7.36.jar -Dorg.apache.jasper.compiler.disablejsr199=true -Xmx512m -Xms512m -Dcurator-log-only-first-connection-issue-as-error-level=true -Djavax.security.auth.useSubjectCredsOnly=true -Djava.security.egd=file:/dev/urandom -Dzookeeper.admin.enableServer=false -Dsun.net.http.allowRestrictedHeaders=true -Djava.net.preferIPv4Stack=true -Djava.awt.headless=true -Djava.protocol.handler.pkgs=sun.net.www.protocol -Dnifi.properties.file.path=/opt/nifi/nifi-current/./conf/nifi.properties -Dnifi.bootstrap.listen.port=41701 -Dapp=NiFi -Dorg.apache.nifi.bootstrap.config.log.dir=/opt/nifi/nifi-current/logs org.apache.nifi.NiFi 
2023-10-29 15:28:55,119 INFO [main] org.apache.nifi.bootstrap.Command Launched Apache NiFi with Process ID 90
2023-10-29 15:28:55,541 INFO [NiFi Bootstrap Command Listener] org.apache.nifi.bootstrap.RunNiFi Apache NiFi now running and listening for Bootstrap requests on port 46707
2023-10-29 15:29:02,284 INFO [main] o.a.n.b.NotificationServiceManager Successfully loaded the following 0 services: []
2023-10-29 15:29:02,286 INFO [main] org.apache.nifi.bootstrap.RunNiFi Registered no Notification Services for Notification Type NIFI_STARTED
2023-10-29 15:29:02,287 INFO [main] org.apache.nifi.bootstrap.RunNiFi Registered no Notification Services for Notification Type NIFI_STOPPED
2023-10-29 15:29:02,287 INFO [main] org.apache.nifi.bootstrap.RunNiFi Registered no Notification Services for Notification Type NIFI_DIED
2023-10-29 15:29:02,298 INFO [main] org.apache.nifi.bootstrap.Command Apache NiFi has accepted the Shutdown Command and is shutting down now
2023-10-29 15:29:02,326 INFO [main] org.apache.nifi.bootstrap.Command NiFi PID [90] shutdown in progress...
2023-10-29 15:29:04,330 INFO [main] org.apache.nifi.bootstrap.Command NiFi PID [90] shutdown in progress...
2023-10-29 15:29:06,333 INFO [main] org.apache.nifi.bootstrap.Command NiFi PID [90] shutdown in progress...
2023-10-29 15:29:08,339 INFO [main] org.apache.nifi.bootstrap.Command NiFi PID [90] shutdown in progress...
2023-10-29 15:29:09,124 INFO [main] org.apache.nifi.bootstrap.RunNiFi A shutdown was initiated. Will not restart NiFi
2023-10-29 15:29:10,347 INFO [main] org.apache.nifi.bootstrap.Command NiFi PID [90] shutdown completed
2023-10-29 16:54:38,890 INFO [main] o.a.n.b.NotificationServiceManager Successfully loaded the following 0 services: []
2023-10-29 16:54:38,894 INFO [main] org.apache.nifi.bootstrap.RunNiFi Registered no Notification Services for Notification Type NIFI_STARTED
2023-10-29 16:54:38,894 INFO [main] org.apache.nifi.bootstrap.RunNiFi Registered no Notification Services for Notification Type NIFI_STOPPED
2023-10-29 16:54:38,895 INFO [main] org.apache.nifi.bootstrap.RunNiFi Registered no Notification Services for Notification Type NIFI_DIED
2023-10-29 16:54:38,898 INFO [main] org.apache.nifi.bootstrap.RunNiFi Runtime Java version: 1.8.0_332
2023-10-29 16:54:38,922 INFO [main] org.apache.nifi.bootstrap.Command Starting Apache NiFi...
2023-10-29 16:54:38,923 INFO [main] org.apache.nifi.bootstrap.Command Working Directory: /opt/nifi/nifi-current
2023-10-29 16:54:38,923 INFO [main] org.apache.nifi.bootstrap.Command Command: /usr/local/openjdk-8/bin/java -classpath /opt/nifi/nifi-current/./conf:/opt/nifi/nifi-current/./lib/nifi-framework-api-1.18.0.jar:/opt/nifi/nifi-current/./lib/nifi-api-1.18.0.jar:/opt/nifi/nifi-current/./lib/nifi-runtime-1.18.0.jar:/opt/nifi/nifi-current/./lib/jetty-schemas-5.2.jar:/opt/nifi/nifi-current/./lib/jcl-over-slf4j-1.7.36.jar:/opt/nifi/nifi-current/./lib/jul-to-slf4j-1.7.36.jar:/opt/nifi/nifi-current/./lib/javax.servlet-api-3.1.0.jar:/opt/nifi/nifi-current/./lib/logback-core-1.2.11.jar:/opt/nifi/nifi-current/./lib/slf4j-api-1.7.36.jar:/opt/nifi/nifi-current/./lib/nifi-properties-1.18.0.jar:/opt/nifi/nifi-current/./lib/nifi-property-utils-1.18.0.jar:/opt/nifi/nifi-current/./lib/logback-classic-1.2.11.jar:/opt/nifi/nifi-current/./lib/nifi-server-api-1.18.0.jar:/opt/nifi/nifi-current/./lib/nifi-nar-utils-1.18.0.jar:/opt/nifi/nifi-current/./lib/nifi-stateless-bootstrap-1.18.0.jar:/opt/nifi/nifi-current/./lib/nifi-stateless-api-1.18.0.jar:/opt/nifi/nifi-current/./lib/log4j-over-slf4j-1.7.36.jar -Dorg.apache.jasper.compiler.disablejsr199=true -Xmx512m -Xms512m -Dcurator-log-only-first-connection-issue-as-error-level=true -Djavax.security.auth.useSubjectCredsOnly=true -Djava.security.egd=file:/dev/urandom -Dzookeeper.admin.enableServer=false -Dsun.net.http.allowRestrictedHeaders=true -Djava.net.preferIPv4Stack=true -Djava.awt.headless=true -Djava.protocol.handler.pkgs=sun.net.www.protocol -Dnifi.properties.file.path=/opt/nifi/nifi-current/./conf/nifi.properties -Dnifi.bootstrap.listen.port=34031 -Dapp=NiFi -Dorg.apache.nifi.bootstrap.config.log.dir=/opt/nifi/nifi-current/logs org.apache.nifi.NiFi 
2023-10-29 16:54:38,963 INFO [main] org.apache.nifi.bootstrap.Command Launched Apache NiFi with Process ID 91
2023-10-29 16:54:39,438 INFO [NiFi Bootstrap Command Listener] org.apache.nifi.bootstrap.RunNiFi Apache NiFi now running and listening for Bootstrap requests on port 32935
2023-10-29 17:19:58,556 INFO [main] o.a.n.b.NotificationServiceManager Successfully loaded the following 0 services: []
2023-10-29 17:19:58,559 INFO [main] org.apache.nifi.bootstrap.RunNiFi Registered no Notification Services for Notification Type NIFI_STARTED
2023-10-29 17:19:58,560 INFO [main] org.apache.nifi.bootstrap.RunNiFi Registered no Notification Services for Notification Type NIFI_STOPPED
2023-10-29 17:19:58,560 INFO [main] org.apache.nifi.bootstrap.RunNiFi Registered no Notification Services for Notification Type NIFI_DIED
2023-10-29 17:19:58,573 INFO [main] org.apache.nifi.bootstrap.Command Apache NiFi has accepted the Shutdown Command and is shutting down now
2023-10-29 17:19:58,591 INFO [main] org.apache.nifi.bootstrap.Command NiFi PID [91] shutdown in progress...
2023-10-29 17:20:00,594 INFO [main] org.apache.nifi.bootstrap.Command NiFi PID [91] shutdown completed
2023-10-29 17:20:01,444 INFO [main] org.apache.nifi.bootstrap.RunNiFi Status File no longer exists. Will not restart NiFi
2023-10-29 17:28:59,287 INFO [main] o.a.n.b.NotificationServiceManager Successfully loaded the following 0 services: []
2023-10-29 17:28:59,290 INFO [main] org.apache.nifi.bootstrap.RunNiFi Registered no Notification Services for Notification Type NIFI_STARTED
2023-10-29 17:28:59,291 INFO [main] org.apache.nifi.bootstrap.RunNiFi Registered no Notification Services for Notification Type NIFI_STOPPED
2023-10-29 17:28:59,291 INFO [main] org.apache.nifi.bootstrap.RunNiFi Registered no Notification Services for Notification Type NIFI_DIED
2023-10-29 17:28:59,297 INFO [main] org.apache.nifi.bootstrap.RunNiFi Runtime Java version: 1.8.0_332
2023-10-29 17:28:59,320 INFO [main] org.apache.nifi.bootstrap.Command Starting Apache NiFi...
2023-10-29 17:28:59,321 INFO [main] org.apache.nifi.bootstrap.Command Working Directory: /opt/nifi/nifi-current
2023-10-29 17:28:59,321 INFO [main] org.apache.nifi.bootstrap.Command Command: /usr/local/openjdk-8/bin/java -classpath /opt/nifi/nifi-current/./conf:/opt/nifi/nifi-current/./lib/nifi-framework-api-1.18.0.jar:/opt/nifi/nifi-current/./lib/nifi-api-1.18.0.jar:/opt/nifi/nifi-current/./lib/nifi-runtime-1.18.0.jar:/opt/nifi/nifi-current/./lib/jetty-schemas-5.2.jar:/opt/nifi/nifi-current/./lib/jcl-over-slf4j-1.7.36.jar:/opt/nifi/nifi-current/./lib/jul-to-slf4j-1.7.36.jar:/opt/nifi/nifi-current/./lib/javax.servlet-api-3.1.0.jar:/opt/nifi/nifi-current/./lib/logback-core-1.2.11.jar:/opt/nifi/nifi-current/./lib/slf4j-api-1.7.36.jar:/opt/nifi/nifi-current/./lib/nifi-properties-1.18.0.jar:/opt/nifi/nifi-current/./lib/nifi-property-utils-1.18.0.jar:/opt/nifi/nifi-current/./lib/logback-classic-1.2.11.jar:/opt/nifi/nifi-current/./lib/nifi-server-api-1.18.0.jar:/opt/nifi/nifi-current/./lib/nifi-nar-utils-1.18.0.jar:/opt/nifi/nifi-current/./lib/nifi-stateless-bootstrap-1.18.0.jar:/opt/nifi/nifi-current/./lib/nifi-stateless-api-1.18.0.jar:/opt/nifi/nifi-current/./lib/log4j-over-slf4j-1.7.36.jar -Dorg.apache.jasper.compiler.disablejsr199=true -Xmx512m -Xms512m -Dcurator-log-only-first-connection-issue-as-error-level=true -Djavax.security.auth.useSubjectCredsOnly=true -Djava.security.egd=file:/dev/urandom -Dzookeeper.admin.enableServer=false -Dsun.net.http.allowRestrictedHeaders=true -Djava.net.preferIPv4Stack=true -Djava.awt.headless=true -Djava.protocol.handler.pkgs=sun.net.www.protocol -Dnifi.properties.file.path=/opt/nifi/nifi-current/./conf/nifi.properties -Dnifi.bootstrap.listen.port=38329 -Dapp=NiFi -Dorg.apache.nifi.bootstrap.config.log.dir=/opt/nifi/nifi-current/logs org.apache.nifi.NiFi 
2023-10-29 17:28:59,351 INFO [main] org.apache.nifi.bootstrap.Command Launched Apache NiFi with Process ID 90
2023-10-29 17:28:59,726 INFO [NiFi Bootstrap Command Listener] org.apache.nifi.bootstrap.RunNiFi Apache NiFi now running and listening for Bootstrap requests on port 35803
2023-10-29 17:29:35,101 INFO [main] o.a.n.b.NotificationServiceManager Successfully loaded the following 0 services: []
2023-10-29 17:29:35,103 INFO [main] org.apache.nifi.bootstrap.RunNiFi Registered no Notification Services for Notification Type NIFI_STARTED
2023-10-29 17:29:35,103 INFO [main] org.apache.nifi.bootstrap.RunNiFi Registered no Notification Services for Notification Type NIFI_STOPPED
2023-10-29 17:29:35,103 INFO [main] org.apache.nifi.bootstrap.RunNiFi Registered no Notification Services for Notification Type NIFI_DIED
2023-10-29 17:29:35,119 INFO [main] org.apache.nifi.bootstrap.Command Apache NiFi has accepted the Shutdown Command and is shutting down now
2023-10-29 17:29:35,139 INFO [main] org.apache.nifi.bootstrap.Command NiFi PID [90] shutdown in progress...
2023-10-29 17:29:37,146 INFO [main] org.apache.nifi.bootstrap.Command NiFi PID [90] shutdown completed
2023-10-29 17:29:37,370 INFO [main] org.apache.nifi.bootstrap.RunNiFi Status File no longer exists. Will not restart NiFi
2023-10-29 17:51:35,613 INFO [main] o.a.n.b.NotificationServiceManager Successfully loaded the following 0 services: []
2023-10-29 17:51:35,616 INFO [main] org.apache.nifi.bootstrap.RunNiFi Registered no Notification Services for Notification Type NIFI_STARTED
2023-10-29 17:51:35,616 INFO [main] org.apache.nifi.bootstrap.RunNiFi Registered no Notification Services for Notification Type NIFI_STOPPED
2023-10-29 17:51:35,617 INFO [main] org.apache.nifi.bootstrap.RunNiFi Registered no Notification Services for Notification Type NIFI_DIED
2023-10-29 17:51:35,620 INFO [main] org.apache.nifi.bootstrap.RunNiFi Runtime Java version: 1.8.0_332
2023-10-29 17:51:35,637 INFO [main] org.apache.nifi.bootstrap.Command Starting Apache NiFi...
2023-10-29 17:51:35,639 INFO [main] org.apache.nifi.bootstrap.Command Working Directory: /opt/nifi/nifi-current
2023-10-29 17:51:35,639 INFO [main] org.apache.nifi.bootstrap.Command Command: /usr/local/openjdk-8/bin/java -classpath /opt/nifi/nifi-current/./conf:/opt/nifi/nifi-current/./lib/nifi-framework-api-1.18.0.jar:/opt/nifi/nifi-current/./lib/nifi-api-1.18.0.jar:/opt/nifi/nifi-current/./lib/nifi-runtime-1.18.0.jar:/opt/nifi/nifi-current/./lib/jetty-schemas-5.2.jar:/opt/nifi/nifi-current/./lib/jcl-over-slf4j-1.7.36.jar:/opt/nifi/nifi-current/./lib/jul-to-slf4j-1.7.36.jar:/opt/nifi/nifi-current/./lib/javax.servlet-api-3.1.0.jar:/opt/nifi/nifi-current/./lib/logback-core-1.2.11.jar:/opt/nifi/nifi-current/./lib/slf4j-api-1.7.36.jar:/opt/nifi/nifi-current/./lib/nifi-properties-1.18.0.jar:/opt/nifi/nifi-current/./lib/nifi-property-utils-1.18.0.jar:/opt/nifi/nifi-current/./lib/logback-classic-1.2.11.jar:/opt/nifi/nifi-current/./lib/nifi-server-api-1.18.0.jar:/opt/nifi/nifi-current/./lib/nifi-nar-utils-1.18.0.jar:/opt/nifi/nifi-current/./lib/nifi-stateless-bootstrap-1.18.0.jar:/opt/nifi/nifi-current/./lib/nifi-stateless-api-1.18.0.jar:/opt/nifi/nifi-current/./lib/log4j-over-slf4j-1.7.36.jar -Dorg.apache.jasper.compiler.disablejsr199=true -Xmx512m -Xms512m -Dcurator-log-only-first-connection-issue-as-error-level=true -Djavax.security.auth.useSubjectCredsOnly=true -Djava.security.egd=file:/dev/urandom -Dzookeeper.admin.enableServer=false -Dsun.net.http.allowRestrictedHeaders=true -Djava.net.preferIPv4Stack=true -Djava.awt.headless=true -Djava.protocol.handler.pkgs=sun.net.www.protocol -Dnifi.properties.file.path=/opt/nifi/nifi-current/./conf/nifi.properties -Dnifi.bootstrap.listen.port=44161 -Dapp=NiFi -Dorg.apache.nifi.bootstrap.config.log.dir=/opt/nifi/nifi-current/logs org.apache.nifi.NiFi 
2023-10-29 17:51:35,674 INFO [main] org.apache.nifi.bootstrap.Command Launched Apache NiFi with Process ID 90
2023-10-29 17:51:36,084 INFO [NiFi Bootstrap Command Listener] org.apache.nifi.bootstrap.RunNiFi Apache NiFi now running and listening for Bootstrap requests on port 37155
2023-10-29 18:29:13,981 INFO [main] o.a.n.b.NotificationServiceManager Successfully loaded the following 0 services: []
2023-10-29 18:29:13,983 INFO [main] org.apache.nifi.bootstrap.RunNiFi Registered no Notification Services for Notification Type NIFI_STARTED
2023-10-29 18:29:13,984 INFO [main] org.apache.nifi.bootstrap.RunNiFi Registered no Notification Services for Notification Type NIFI_STOPPED
2023-10-29 18:29:13,984 INFO [main] org.apache.nifi.bootstrap.RunNiFi Registered no Notification Services for Notification Type NIFI_DIED
2023-10-29 18:29:13,997 INFO [main] org.apache.nifi.bootstrap.Command Apache NiFi has accepted the Shutdown Command and is shutting down now
2023-10-29 18:29:14,015 INFO [main] org.apache.nifi.bootstrap.Command NiFi PID [90] shutdown in progress...
2023-10-29 18:29:16,019 INFO [main] org.apache.nifi.bootstrap.Command NiFi PID [90] shutdown in progress...
2023-10-29 18:29:17,478 INFO [main] org.apache.nifi.bootstrap.RunNiFi A shutdown was initiated. Will not restart NiFi
2023-10-29 18:29:18,026 INFO [main] org.apache.nifi.bootstrap.Command NiFi PID [90] shutdown completed
2023-10-29 18:29:25,939 INFO [main] o.a.n.b.NotificationServiceManager Successfully loaded the following 0 services: []
2023-10-29 18:29:25,942 INFO [main] org.apache.nifi.bootstrap.RunNiFi Registered no Notification Services for Notification Type NIFI_STARTED
2023-10-29 18:29:25,942 INFO [main] org.apache.nifi.bootstrap.RunNiFi Registered no Notification Services for Notification Type NIFI_STOPPED
2023-10-29 18:29:25,942 INFO [main] org.apache.nifi.bootstrap.RunNiFi Registered no Notification Services for Notification Type NIFI_DIED
2023-10-29 18:29:25,953 INFO [main] org.apache.nifi.bootstrap.RunNiFi Runtime Java version: 1.8.0_332
2023-10-29 18:29:25,985 INFO [main] org.apache.nifi.bootstrap.Command Starting Apache NiFi...
2023-10-29 18:29:25,986 INFO [main] org.apache.nifi.bootstrap.Command Working Directory: /opt/nifi/nifi-current
2023-10-29 18:29:25,987 INFO [main] org.apache.nifi.bootstrap.Command Command: /usr/local/openjdk-8/bin/java -classpath /opt/nifi/nifi-current/./conf:/opt/nifi/nifi-current/./lib/nifi-framework-api-1.18.0.jar:/opt/nifi/nifi-current/./lib/nifi-api-1.18.0.jar:/opt/nifi/nifi-current/./lib/nifi-runtime-1.18.0.jar:/opt/nifi/nifi-current/./lib/jetty-schemas-5.2.jar:/opt/nifi/nifi-current/./lib/jcl-over-slf4j-1.7.36.jar:/opt/nifi/nifi-current/./lib/jul-to-slf4j-1.7.36.jar:/opt/nifi/nifi-current/./lib/javax.servlet-api-3.1.0.jar:/opt/nifi/nifi-current/./lib/logback-core-1.2.11.jar:/opt/nifi/nifi-current/./lib/slf4j-api-1.7.36.jar:/opt/nifi/nifi-current/./lib/nifi-properties-1.18.0.jar:/opt/nifi/nifi-current/./lib/nifi-property-utils-1.18.0.jar:/opt/nifi/nifi-current/./lib/logback-classic-1.2.11.jar:/opt/nifi/nifi-current/./lib/nifi-server-api-1.18.0.jar:/opt/nifi/nifi-current/./lib/nifi-nar-utils-1.18.0.jar:/opt/nifi/nifi-current/./lib/nifi-stateless-bootstrap-1.18.0.jar:/opt/nifi/nifi-current/./lib/nifi-stateless-api-1.18.0.jar:/opt/nifi/nifi-current/./lib/log4j-over-slf4j-1.7.36.jar -Dorg.apache.jasper.compiler.disablejsr199=true -Xmx512m -Xms512m -Dcurator-log-only-first-connection-issue-as-error-level=true -Djavax.security.auth.useSubjectCredsOnly=true -Djava.security.egd=file:/dev/urandom -Dzookeeper.admin.enableServer=false -Dsun.net.http.allowRestrictedHeaders=true -Djava.net.preferIPv4Stack=true -Djava.awt.headless=true -Djava.protocol.handler.pkgs=sun.net.www.protocol -Dnifi.properties.file.path=/opt/nifi/nifi-current/./conf/nifi.properties -Dnifi.bootstrap.listen.port=37411 -Dapp=NiFi -Dorg.apache.nifi.bootstrap.config.log.dir=/opt/nifi/nifi-current/logs org.apache.nifi.NiFi 
2023-10-29 18:29:26,019 INFO [main] org.apache.nifi.bootstrap.Command Launched Apache NiFi with Process ID 89
2023-10-29 18:29:26,557 INFO [NiFi Bootstrap Command Listener] org.apache.nifi.bootstrap.RunNiFi Apache NiFi now running and listening for Bootstrap requests on port 39789
2023-10-29 18:33:57,786 INFO [main] o.a.n.b.NotificationServiceManager Successfully loaded the following 0 services: []
2023-10-29 18:33:57,789 INFO [main] org.apache.nifi.bootstrap.RunNiFi Registered no Notification Services for Notification Type NIFI_STARTED
2023-10-29 18:33:57,789 INFO [main] org.apache.nifi.bootstrap.RunNiFi Registered no Notification Services for Notification Type NIFI_STOPPED
2023-10-29 18:33:57,789 INFO [main] org.apache.nifi.bootstrap.RunNiFi Registered no Notification Services for Notification Type NIFI_DIED
2023-10-29 18:33:57,806 INFO [main] org.apache.nifi.bootstrap.Command Apache NiFi has accepted the Shutdown Command and is shutting down now
2023-10-29 18:33:57,827 INFO [main] org.apache.nifi.bootstrap.Command NiFi PID [89] shutdown in progress...
2023-10-29 18:33:59,832 INFO [main] org.apache.nifi.bootstrap.Command NiFi PID [89] shutdown in progress...
2023-10-29 18:34:00,126 INFO [main] org.apache.nifi.bootstrap.RunNiFi A shutdown was initiated. Will not restart NiFi
2023-10-29 18:34:01,835 INFO [main] org.apache.nifi.bootstrap.Command NiFi PID [89] shutdown completed
2023-10-29 18:34:09,782 INFO [main] o.a.n.b.NotificationServiceManager Successfully loaded the following 0 services: []
2023-10-29 18:34:09,789 INFO [main] org.apache.nifi.bootstrap.RunNiFi Registered no Notification Services for Notification Type NIFI_STARTED
2023-10-29 18:34:09,790 INFO [main] org.apache.nifi.bootstrap.RunNiFi Registered no Notification Services for Notification Type NIFI_STOPPED
2023-10-29 18:34:09,790 INFO [main] org.apache.nifi.bootstrap.RunNiFi Registered no Notification Services for Notification Type NIFI_DIED
2023-10-29 18:34:09,802 INFO [main] org.apache.nifi.bootstrap.RunNiFi Runtime Java version: 1.8.0_332
2023-10-29 18:34:09,819 INFO [main] org.apache.nifi.bootstrap.Command Starting Apache NiFi...
2023-10-29 18:34:09,820 INFO [main] org.apache.nifi.bootstrap.Command Working Directory: /opt/nifi/nifi-current
2023-10-29 18:34:09,824 INFO [main] org.apache.nifi.bootstrap.Command Command: /usr/local/openjdk-8/bin/java -classpath /opt/nifi/nifi-current/./conf:/opt/nifi/nifi-current/./lib/nifi-framework-api-1.18.0.jar:/opt/nifi/nifi-current/./lib/nifi-api-1.18.0.jar:/opt/nifi/nifi-current/./lib/nifi-runtime-1.18.0.jar:/opt/nifi/nifi-current/./lib/jetty-schemas-5.2.jar:/opt/nifi/nifi-current/./lib/jcl-over-slf4j-1.7.36.jar:/opt/nifi/nifi-current/./lib/jul-to-slf4j-1.7.36.jar:/opt/nifi/nifi-current/./lib/javax.servlet-api-3.1.0.jar:/opt/nifi/nifi-current/./lib/logback-core-1.2.11.jar:/opt/nifi/nifi-current/./lib/slf4j-api-1.7.36.jar:/opt/nifi/nifi-current/./lib/nifi-properties-1.18.0.jar:/opt/nifi/nifi-current/./lib/nifi-property-utils-1.18.0.jar:/opt/nifi/nifi-current/./lib/logback-classic-1.2.11.jar:/opt/nifi/nifi-current/./lib/nifi-server-api-1.18.0.jar:/opt/nifi/nifi-current/./lib/nifi-nar-utils-1.18.0.jar:/opt/nifi/nifi-current/./lib/nifi-stateless-bootstrap-1.18.0.jar:/opt/nifi/nifi-current/./lib/nifi-stateless-api-1.18.0.jar:/opt/nifi/nifi-current/./lib/log4j-over-slf4j-1.7.36.jar -Dorg.apache.jasper.compiler.disablejsr199=true -Xmx512m -Xms512m -Dcurator-log-only-first-connection-issue-as-error-level=true -Djavax.security.auth.useSubjectCredsOnly=true -Djava.security.egd=file:/dev/urandom -Dzookeeper.admin.enableServer=false -Dsun.net.http.allowRestrictedHeaders=true -Djava.net.preferIPv4Stack=true -Djava.awt.headless=true -Djava.protocol.handler.pkgs=sun.net.www.protocol -Dnifi.properties.file.path=/opt/nifi/nifi-current/./conf/nifi.properties -Dnifi.bootstrap.listen.port=41897 -Dapp=NiFi -Dorg.apache.nifi.bootstrap.config.log.dir=/opt/nifi/nifi-current/logs org.apache.nifi.NiFi 
2023-10-29 18:34:09,880 INFO [main] org.apache.nifi.bootstrap.Command Launched Apache NiFi with Process ID 90
2023-10-29 18:34:10,414 INFO [NiFi Bootstrap Command Listener] org.apache.nifi.bootstrap.RunNiFi Apache NiFi now running and listening for Bootstrap requests on port 41813
2023-10-29 18:34:41,787 INFO [main] o.a.n.b.NotificationServiceManager Successfully loaded the following 0 services: []
2023-10-29 18:34:41,792 INFO [main] org.apache.nifi.bootstrap.RunNiFi Registered no Notification Services for Notification Type NIFI_STARTED
2023-10-29 18:34:41,793 INFO [main] org.apache.nifi.bootstrap.RunNiFi Registered no Notification Services for Notification Type NIFI_STOPPED
2023-10-29 18:34:41,793 INFO [main] org.apache.nifi.bootstrap.RunNiFi Registered no Notification Services for Notification Type NIFI_DIED
2023-10-29 18:34:41,812 INFO [main] org.apache.nifi.bootstrap.Command Apache NiFi has accepted the Shutdown Command and is shutting down now
2023-10-29 18:34:41,834 INFO [main] org.apache.nifi.bootstrap.Command NiFi PID [90] shutdown in progress...
2023-10-29 18:34:43,839 INFO [main] org.apache.nifi.bootstrap.Command NiFi PID [90] shutdown in progress...
2023-10-29 18:34:44,918 INFO [main] org.apache.nifi.bootstrap.RunNiFi A shutdown was initiated. Will not restart NiFi
2023-10-29 18:34:45,843 INFO [main] org.apache.nifi.bootstrap.Command NiFi PID [90] shutdown completed
2023-10-29 18:39:47,728 INFO [main] o.a.n.b.NotificationServiceManager Successfully loaded the following 0 services: []
2023-10-29 18:39:47,733 INFO [main] org.apache.nifi.bootstrap.RunNiFi Registered no Notification Services for Notification Type NIFI_STARTED
2023-10-29 18:39:47,733 INFO [main] org.apache.nifi.bootstrap.RunNiFi Registered no Notification Services for Notification Type NIFI_STOPPED
2023-10-29 18:39:47,733 INFO [main] org.apache.nifi.bootstrap.RunNiFi Registered no Notification Services for Notification Type NIFI_DIED
2023-10-29 18:39:47,737 INFO [main] org.apache.nifi.bootstrap.RunNiFi Runtime Java version: 1.8.0_332
2023-10-29 18:39:47,749 INFO [main] org.apache.nifi.bootstrap.Command Starting Apache NiFi...
2023-10-29 18:39:47,750 INFO [main] org.apache.nifi.bootstrap.Command Working Directory: /opt/nifi/nifi-current
2023-10-29 18:39:47,750 INFO [main] org.apache.nifi.bootstrap.Command Command: /usr/local/openjdk-8/bin/java -classpath /opt/nifi/nifi-current/./conf:/opt/nifi/nifi-current/./lib/nifi-framework-api-1.18.0.jar:/opt/nifi/nifi-current/./lib/nifi-api-1.18.0.jar:/opt/nifi/nifi-current/./lib/nifi-runtime-1.18.0.jar:/opt/nifi/nifi-current/./lib/jetty-schemas-5.2.jar:/opt/nifi/nifi-current/./lib/jcl-over-slf4j-1.7.36.jar:/opt/nifi/nifi-current/./lib/jul-to-slf4j-1.7.36.jar:/opt/nifi/nifi-current/./lib/javax.servlet-api-3.1.0.jar:/opt/nifi/nifi-current/./lib/logback-core-1.2.11.jar:/opt/nifi/nifi-current/./lib/slf4j-api-1.7.36.jar:/opt/nifi/nifi-current/./lib/nifi-properties-1.18.0.jar:/opt/nifi/nifi-current/./lib/nifi-property-utils-1.18.0.jar:/opt/nifi/nifi-current/./lib/logback-classic-1.2.11.jar:/opt/nifi/nifi-current/./lib/nifi-server-api-1.18.0.jar:/opt/nifi/nifi-current/./lib/nifi-nar-utils-1.18.0.jar:/opt/nifi/nifi-current/./lib/nifi-stateless-bootstrap-1.18.0.jar:/opt/nifi/nifi-current/./lib/nifi-stateless-api-1.18.0.jar:/opt/nifi/nifi-current/./lib/log4j-over-slf4j-1.7.36.jar -Dorg.apache.jasper.compiler.disablejsr199=true -Xmx512m -Xms512m -Dcurator-log-only-first-connection-issue-as-error-level=true -Djavax.security.auth.useSubjectCredsOnly=true -Djava.security.egd=file:/dev/urandom -Dzookeeper.admin.enableServer=false -Dsun.net.http.allowRestrictedHeaders=true -Djava.net.preferIPv4Stack=true -Djava.awt.headless=true -Djava.protocol.handler.pkgs=sun.net.www.protocol -Dnifi.properties.file.path=/opt/nifi/nifi-current/./conf/nifi.properties -Dnifi.bootstrap.listen.port=33663 -Dapp=NiFi -Dorg.apache.nifi.bootstrap.config.log.dir=/opt/nifi/nifi-current/logs org.apache.nifi.NiFi 
2023-10-29 18:39:47,781 INFO [main] org.apache.nifi.bootstrap.Command Launched Apache NiFi with Process ID 89
2023-10-29 18:39:48,327 INFO [NiFi Bootstrap Command Listener] org.apache.nifi.bootstrap.RunNiFi Apache NiFi now running and listening for Bootstrap requests on port 37929
2023-10-29 18:41:06,673 INFO [main] o.a.n.b.NotificationServiceManager Successfully loaded the following 0 services: []
2023-10-29 18:41:06,676 INFO [main] org.apache.nifi.bootstrap.RunNiFi Registered no Notification Services for Notification Type NIFI_STARTED
2023-10-29 18:41:06,676 INFO [main] org.apache.nifi.bootstrap.RunNiFi Registered no Notification Services for Notification Type NIFI_STOPPED
2023-10-29 18:41:06,676 INFO [main] org.apache.nifi.bootstrap.RunNiFi Registered no Notification Services for Notification Type NIFI_DIED
2023-10-29 18:41:06,689 INFO [main] org.apache.nifi.bootstrap.Command Apache NiFi has accepted the Shutdown Command and is shutting down now
2023-10-29 18:41:06,709 INFO [main] org.apache.nifi.bootstrap.Command NiFi PID [89] shutdown in progress...
2023-10-29 18:41:08,718 INFO [main] org.apache.nifi.bootstrap.Command NiFi PID [89] shutdown in progress...
2023-10-29 18:41:09,835 INFO [main] org.apache.nifi.bootstrap.RunNiFi A shutdown was initiated. Will not restart NiFi
2023-10-29 18:41:10,722 INFO [main] org.apache.nifi.bootstrap.Command NiFi PID [89] shutdown completed
2023-10-29 18:42:11,207 INFO [main] o.a.n.b.NotificationServiceManager Successfully loaded the following 0 services: []
2023-10-29 18:42:11,212 INFO [main] org.apache.nifi.bootstrap.RunNiFi Registered no Notification Services for Notification Type NIFI_STARTED
2023-10-29 18:42:11,213 INFO [main] org.apache.nifi.bootstrap.RunNiFi Registered no Notification Services for Notification Type NIFI_STOPPED
2023-10-29 18:42:11,213 INFO [main] org.apache.nifi.bootstrap.RunNiFi Registered no Notification Services for Notification Type NIFI_DIED
2023-10-29 18:42:11,218 INFO [main] org.apache.nifi.bootstrap.RunNiFi Runtime Java version: 1.8.0_332
2023-10-29 18:42:11,238 INFO [main] org.apache.nifi.bootstrap.Command Starting Apache NiFi...
2023-10-29 18:42:11,239 INFO [main] org.apache.nifi.bootstrap.Command Working Directory: /opt/nifi/nifi-current
2023-10-29 18:42:11,239 INFO [main] org.apache.nifi.bootstrap.Command Command: /usr/local/openjdk-8/bin/java -classpath /opt/nifi/nifi-current/./conf:/opt/nifi/nifi-current/./lib/nifi-framework-api-1.18.0.jar:/opt/nifi/nifi-current/./lib/nifi-api-1.18.0.jar:/opt/nifi/nifi-current/./lib/nifi-runtime-1.18.0.jar:/opt/nifi/nifi-current/./lib/jetty-schemas-5.2.jar:/opt/nifi/nifi-current/./lib/jcl-over-slf4j-1.7.36.jar:/opt/nifi/nifi-current/./lib/jul-to-slf4j-1.7.36.jar:/opt/nifi/nifi-current/./lib/javax.servlet-api-3.1.0.jar:/opt/nifi/nifi-current/./lib/logback-core-1.2.11.jar:/opt/nifi/nifi-current/./lib/slf4j-api-1.7.36.jar:/opt/nifi/nifi-current/./lib/nifi-properties-1.18.0.jar:/opt/nifi/nifi-current/./lib/nifi-property-utils-1.18.0.jar:/opt/nifi/nifi-current/./lib/logback-classic-1.2.11.jar:/opt/nifi/nifi-current/./lib/nifi-server-api-1.18.0.jar:/opt/nifi/nifi-current/./lib/nifi-nar-utils-1.18.0.jar:/opt/nifi/nifi-current/./lib/nifi-stateless-bootstrap-1.18.0.jar:/opt/nifi/nifi-current/./lib/nifi-stateless-api-1.18.0.jar:/opt/nifi/nifi-current/./lib/log4j-over-slf4j-1.7.36.jar -Dorg.apache.jasper.compiler.disablejsr199=true -Xmx512m -Xms512m -Dcurator-log-only-first-connection-issue-as-error-level=true -Djavax.security.auth.useSubjectCredsOnly=true -Djava.security.egd=file:/dev/urandom -Dzookeeper.admin.enableServer=false -Dsun.net.http.allowRestrictedHeaders=true -Djava.net.preferIPv4Stack=true -Djava.awt.headless=true -Djava.protocol.handler.pkgs=sun.net.www.protocol -Dnifi.properties.file.path=/opt/nifi/nifi-current/./conf/nifi.properties -Dnifi.bootstrap.listen.port=40979 -Dapp=NiFi -Dorg.apache.nifi.bootstrap.config.log.dir=/opt/nifi/nifi-current/logs org.apache.nifi.NiFi 
2023-10-29 18:42:11,278 INFO [main] org.apache.nifi.bootstrap.Command Launched Apache NiFi with Process ID 90
2023-10-29 18:42:11,783 INFO [NiFi Bootstrap Command Listener] org.apache.nifi.bootstrap.RunNiFi Apache NiFi now running and listening for Bootstrap requests on port 40485
2023-10-29 18:42:13,916 INFO [main] o.a.n.b.NotificationServiceManager Successfully loaded the following 0 services: []
2023-10-29 18:42:13,919 INFO [main] org.apache.nifi.bootstrap.RunNiFi Registered no Notification Services for Notification Type NIFI_STARTED
2023-10-29 18:42:13,920 INFO [main] org.apache.nifi.bootstrap.RunNiFi Registered no Notification Services for Notification Type NIFI_STOPPED
2023-10-29 18:42:13,920 INFO [main] org.apache.nifi.bootstrap.RunNiFi Registered no Notification Services for Notification Type NIFI_DIED
2023-10-29 18:42:13,932 INFO [main] org.apache.nifi.bootstrap.Command Apache NiFi has accepted the Shutdown Command and is shutting down now
2023-10-29 18:42:13,949 INFO [main] org.apache.nifi.bootstrap.Command NiFi PID [90] shutdown in progress...
2023-10-29 18:42:15,952 INFO [main] org.apache.nifi.bootstrap.Command NiFi PID [90] shutdown in progress...
2023-10-29 18:42:17,957 INFO [main] org.apache.nifi.bootstrap.Command NiFi PID [90] shutdown in progress...
2023-10-29 18:42:19,961 INFO [main] org.apache.nifi.bootstrap.Command NiFi PID [90] shutdown in progress...
2023-10-29 18:42:21,965 INFO [main] org.apache.nifi.bootstrap.Command NiFi PID [90] shutdown in progress...
2023-10-29 19:55:59,760 INFO [main] o.a.n.b.NotificationServiceManager Successfully loaded the following 0 services: []
2023-10-29 19:55:59,762 INFO [main] org.apache.nifi.bootstrap.RunNiFi Registered no Notification Services for Notification Type NIFI_STARTED
2023-10-29 19:55:59,762 INFO [main] org.apache.nifi.bootstrap.RunNiFi Registered no Notification Services for Notification Type NIFI_STOPPED
2023-10-29 19:55:59,763 INFO [main] org.apache.nifi.bootstrap.RunNiFi Registered no Notification Services for Notification Type NIFI_DIED
2023-10-29 19:55:59,766 INFO [main] org.apache.nifi.bootstrap.RunNiFi Runtime Java version: 1.8.0_332
2023-10-29 19:55:59,780 INFO [main] org.apache.nifi.bootstrap.Command Starting Apache NiFi...
2023-10-29 19:55:59,781 INFO [main] org.apache.nifi.bootstrap.Command Working Directory: /opt/nifi/nifi-current
2023-10-29 19:55:59,781 INFO [main] org.apache.nifi.bootstrap.Command Command: /usr/local/openjdk-8/bin/java -classpath /opt/nifi/nifi-current/./conf:/opt/nifi/nifi-current/./lib/nifi-framework-api-1.18.0.jar:/opt/nifi/nifi-current/./lib/nifi-api-1.18.0.jar:/opt/nifi/nifi-current/./lib/nifi-runtime-1.18.0.jar:/opt/nifi/nifi-current/./lib/jetty-schemas-5.2.jar:/opt/nifi/nifi-current/./lib/jcl-over-slf4j-1.7.36.jar:/opt/nifi/nifi-current/./lib/jul-to-slf4j-1.7.36.jar:/opt/nifi/nifi-current/./lib/javax.servlet-api-3.1.0.jar:/opt/nifi/nifi-current/./lib/logback-core-1.2.11.jar:/opt/nifi/nifi-current/./lib/slf4j-api-1.7.36.jar:/opt/nifi/nifi-current/./lib/nifi-properties-1.18.0.jar:/opt/nifi/nifi-current/./lib/nifi-property-utils-1.18.0.jar:/opt/nifi/nifi-current/./lib/logback-classic-1.2.11.jar:/opt/nifi/nifi-current/./lib/nifi-server-api-1.18.0.jar:/opt/nifi/nifi-current/./lib/nifi-nar-utils-1.18.0.jar:/opt/nifi/nifi-current/./lib/nifi-stateless-bootstrap-1.18.0.jar:/opt/nifi/nifi-current/./lib/nifi-stateless-api-1.18.0.jar:/opt/nifi/nifi-current/./lib/log4j-over-slf4j-1.7.36.jar -Dorg.apache.jasper.compiler.disablejsr199=true -Xmx512m -Xms512m -Dcurator-log-only-first-connection-issue-as-error-level=true -Djavax.security.auth.useSubjectCredsOnly=true -Djava.security.egd=file:/dev/urandom -Dzookeeper.admin.enableServer=false -Dsun.net.http.allowRestrictedHeaders=true -Djava.net.preferIPv4Stack=true -Djava.awt.headless=true -Djava.protocol.handler.pkgs=sun.net.www.protocol -Dnifi.properties.file.path=/opt/nifi/nifi-current/./conf/nifi.properties -Dnifi.bootstrap.listen.port=36955 -Dapp=NiFi -Dorg.apache.nifi.bootstrap.config.log.dir=/opt/nifi/nifi-current/logs org.apache.nifi.NiFi 
2023-10-29 19:55:59,809 INFO [main] org.apache.nifi.bootstrap.Command Launched Apache NiFi with Process ID 89
2023-10-29 19:56:00,188 INFO [NiFi Bootstrap Command Listener] org.apache.nifi.bootstrap.RunNiFi Apache NiFi now running and listening for Bootstrap requests on port 43975
2023-10-29 19:56:39,665 INFO [main] o.a.n.b.NotificationServiceManager Successfully loaded the following 0 services: []
2023-10-29 19:56:39,667 INFO [main] org.apache.nifi.bootstrap.RunNiFi Registered no Notification Services for Notification Type NIFI_STARTED
2023-10-29 19:56:39,667 INFO [main] org.apache.nifi.bootstrap.RunNiFi Registered no Notification Services for Notification Type NIFI_STOPPED
2023-10-29 19:56:39,667 INFO [main] org.apache.nifi.bootstrap.RunNiFi Registered no Notification Services for Notification Type NIFI_DIED
2023-10-29 19:56:39,680 INFO [main] org.apache.nifi.bootstrap.Command Apache NiFi has accepted the Shutdown Command and is shutting down now
2023-10-29 19:56:39,696 INFO [main] org.apache.nifi.bootstrap.Command NiFi PID [89] shutdown in progress...
2023-10-29 19:56:41,703 INFO [main] org.apache.nifi.bootstrap.Command NiFi PID [89] shutdown in progress...
2023-10-29 19:56:42,855 INFO [main] org.apache.nifi.bootstrap.RunNiFi A shutdown was initiated. Will not restart NiFi
2023-10-29 19:56:43,712 INFO [main] org.apache.nifi.bootstrap.Command NiFi PID [89] shutdown completed
