2023-04-26 09:00:00,565 INFO [Timer-Driven Process Thread-8] o.a.nifi.processors.standard.LogMessage LogMessage[id=9b1e735a-0187-1000-1eef-42a01ab41f93] null
2023-04-26 09:00:01,576 INFO [Timer-Driven Process Thread-5] o.a.nifi.processors.standard.LogMessage LogMessage[id=9b1e735a-0187-1000-1eef-42a01ab41f93] null
2023-04-26 09:00:02,574 INFO [Timer-Driven Process Thread-5] o.a.nifi.processors.standard.LogMessage LogMessage[id=9b1e735a-0187-1000-1eef-42a01ab41f93] null
2023-04-26 09:00:03,563 INFO [Timer-Driven Process Thread-6] o.a.nifi.processors.standard.LogMessage LogMessage[id=9b1e735a-0187-1000-1eef-42a01ab41f93] null
2023-04-26 09:00:04,569 INFO [Timer-Driven Process Thread-3] o.a.nifi.processors.standard.LogMessage LogMessage[id=9b1e735a-0187-1000-1eef-42a01ab41f93] null
2023-04-26 09:00:05,590 INFO [Timer-Driven Process Thread-8] o.a.nifi.processors.standard.LogMessage LogMessage[id=9b1e735a-0187-1000-1eef-42a01ab41f93] null
2023-04-26 09:00:06,587 INFO [Timer-Driven Process Thread-3] o.a.nifi.processors.standard.LogMessage LogMessage[id=9b1e735a-0187-1000-1eef-42a01ab41f93] null
2023-04-26 09:00:07,595 INFO [Timer-Driven Process Thread-3] o.a.nifi.processors.standard.LogMessage LogMessage[id=9b1e735a-0187-1000-1eef-42a01ab41f93] null
2023-04-26 09:00:08,598 INFO [Timer-Driven Process Thread-3] o.a.nifi.processors.standard.LogMessage LogMessage[id=9b1e735a-0187-1000-1eef-42a01ab41f93] null
2023-04-26 09:00:09,600 INFO [Timer-Driven Process Thread-9] o.a.nifi.processors.standard.LogMessage LogMessage[id=9b1e735a-0187-1000-1eef-42a01ab41f93] null
2023-04-26 09:00:10,587 INFO [Timer-Driven Process Thread-10] o.a.nifi.processors.standard.LogMessage LogMessage[id=9b1e735a-0187-1000-1eef-42a01ab41f93] null
2023-04-26 09:00:11,601 INFO [Timer-Driven Process Thread-1] o.a.nifi.processors.standard.LogMessage LogMessage[id=9b1e735a-0187-1000-1eef-42a01ab41f93] null
2023-04-26 09:00:12,598 INFO [Timer-Driven Process Thread-2] o.a.nifi.processors.standard.LogMessage LogMessage[id=9b1e735a-0187-1000-1eef-42a01ab41f93] null
2023-04-26 09:00:13,594 INFO [Timer-Driven Process Thread-7] o.a.nifi.processors.standard.LogMessage LogMessage[id=9b1e735a-0187-1000-1eef-42a01ab41f93] null
2023-04-26 09:00:14,601 INFO [Timer-Driven Process Thread-10] o.a.nifi.processors.standard.LogMessage LogMessage[id=9b1e735a-0187-1000-1eef-42a01ab41f93] null
2023-04-26 09:00:15,605 INFO [Timer-Driven Process Thread-5] o.a.nifi.processors.standard.LogMessage LogMessage[id=9b1e735a-0187-1000-1eef-42a01ab41f93] null
2023-04-26 09:00:16,272 INFO [pool-7-thread-1] o.a.n.c.r.WriteAheadFlowFileRepository Initiating checkpoint of FlowFile Repository
2023-04-26 09:00:16,294 INFO [pool-7-thread-1] o.a.n.wali.SequentialAccessWriteAheadLog Checkpointed Write-Ahead Log with 0 Records and 0 Swap Files in 20 milliseconds (Stop-the-world time = 17 milliseconds), max Transaction ID 185303
2023-04-26 09:00:16,295 INFO [pool-7-thread-1] o.a.n.c.r.WriteAheadFlowFileRepository Successfully checkpointed FlowFile Repository with 0 records in 21 milliseconds
2023-04-26 09:00:16,613 INFO [Timer-Driven Process Thread-10] o.a.nifi.processors.standard.LogMessage LogMessage[id=9b1e735a-0187-1000-1eef-42a01ab41f93] null
2023-04-26 09:00:17,615 INFO [Timer-Driven Process Thread-9] o.a.nifi.processors.standard.LogMessage LogMessage[id=9b1e735a-0187-1000-1eef-42a01ab41f93] null
2023-04-26 09:00:18,621 INFO [Timer-Driven Process Thread-1] o.a.nifi.processors.standard.LogMessage LogMessage[id=9b1e735a-0187-1000-1eef-42a01ab41f93] null
2023-04-26 09:00:19,604 INFO [Timer-Driven Process Thread-5] o.a.nifi.processors.standard.LogMessage LogMessage[id=9b1e735a-0187-1000-1eef-42a01ab41f93] null
2023-04-26 09:00:20,617 INFO [Timer-Driven Process Thread-10] o.a.nifi.processors.standard.LogMessage LogMessage[id=9b1e735a-0187-1000-1eef-42a01ab41f93] null
2023-04-26 09:00:21,623 INFO [Timer-Driven Process Thread-7] o.a.nifi.processors.standard.LogMessage LogMessage[id=9b1e735a-0187-1000-1eef-42a01ab41f93] null
2023-04-26 09:00:22,627 INFO [Timer-Driven Process Thread-5] o.a.nifi.processors.standard.LogMessage LogMessage[id=9b1e735a-0187-1000-1eef-42a01ab41f93] null
2023-04-26 09:00:23,626 INFO [Timer-Driven Process Thread-5] o.a.nifi.processors.standard.LogMessage LogMessage[id=9b1e735a-0187-1000-1eef-42a01ab41f93] null
2023-04-26 09:00:24,615 INFO [Timer-Driven Process Thread-5] o.a.nifi.processors.standard.LogMessage LogMessage[id=9b1e735a-0187-1000-1eef-42a01ab41f93] null
2023-04-26 09:00:25,638 INFO [Timer-Driven Process Thread-5] o.a.nifi.processors.standard.LogMessage LogMessage[id=9b1e735a-0187-1000-1eef-42a01ab41f93] null
2023-04-26 09:00:26,638 INFO [Timer-Driven Process Thread-8] o.a.nifi.processors.standard.LogMessage LogMessage[id=9b1e735a-0187-1000-1eef-42a01ab41f93] null
2023-04-26 09:00:27,636 INFO [Timer-Driven Process Thread-6] o.a.nifi.processors.standard.LogMessage LogMessage[id=9b1e735a-0187-1000-1eef-42a01ab41f93] null
2023-04-26 09:00:28,634 INFO [Timer-Driven Process Thread-4] o.a.nifi.processors.standard.LogMessage LogMessage[id=9b1e735a-0187-1000-1eef-42a01ab41f93] null
2023-04-26 09:00:29,641 INFO [Timer-Driven Process Thread-8] o.a.nifi.processors.standard.LogMessage LogMessage[id=9b1e735a-0187-1000-1eef-42a01ab41f93] null
2023-04-26 09:00:30,639 INFO [Timer-Driven Process Thread-3] o.a.nifi.processors.standard.LogMessage LogMessage[id=9b1e735a-0187-1000-1eef-42a01ab41f93] null
2023-04-26 09:00:31,644 INFO [Timer-Driven Process Thread-4] o.a.nifi.processors.standard.LogMessage LogMessage[id=9b1e735a-0187-1000-1eef-42a01ab41f93] null
2023-04-26 09:00:32,646 INFO [Timer-Driven Process Thread-8] o.a.nifi.processors.standard.LogMessage LogMessage[id=9b1e735a-0187-1000-1eef-42a01ab41f93] null
2023-04-26 09:00:33,644 INFO [Timer-Driven Process Thread-5] o.a.nifi.processors.standard.LogMessage LogMessage[id=9b1e735a-0187-1000-1eef-42a01ab41f93] null
2023-04-26 09:00:34,652 INFO [Timer-Driven Process Thread-3] o.a.nifi.processors.standard.LogMessage LogMessage[id=9b1e735a-0187-1000-1eef-42a01ab41f93] null
2023-04-26 09:00:35,648 INFO [Timer-Driven Process Thread-6] o.a.nifi.processors.standard.LogMessage LogMessage[id=9b1e735a-0187-1000-1eef-42a01ab41f93] null
2023-04-26 09:00:36,299 INFO [pool-7-thread-1] o.a.n.c.r.WriteAheadFlowFileRepository Initiating checkpoint of FlowFile Repository
2023-04-26 09:00:36,321 INFO [pool-7-thread-1] o.a.n.wali.SequentialAccessWriteAheadLog Checkpointed Write-Ahead Log with 0 Records and 0 Swap Files in 20 milliseconds (Stop-the-world time = 16 milliseconds), max Transaction ID 185803
2023-04-26 09:00:36,322 INFO [pool-7-thread-1] o.a.n.c.r.WriteAheadFlowFileRepository Successfully checkpointed FlowFile Repository with 0 records in 21 milliseconds
2023-04-26 09:00:36,654 INFO [Timer-Driven Process Thread-3] o.a.nifi.processors.standard.LogMessage LogMessage[id=9b1e735a-0187-1000-1eef-42a01ab41f93] null
2023-04-26 09:00:37,655 INFO [Timer-Driven Process Thread-4] o.a.nifi.processors.standard.LogMessage LogMessage[id=9b1e735a-0187-1000-1eef-42a01ab41f93] null
2023-04-26 09:00:38,652 INFO [Timer-Driven Process Thread-3] o.a.nifi.processors.standard.LogMessage LogMessage[id=9b1e735a-0187-1000-1eef-42a01ab41f93] null
2023-04-26 09:00:39,656 INFO [Timer-Driven Process Thread-2] o.a.nifi.processors.standard.LogMessage LogMessage[id=9b1e735a-0187-1000-1eef-42a01ab41f93] null
2023-04-26 09:00:40,662 INFO [Timer-Driven Process Thread-4] o.a.nifi.processors.standard.LogMessage LogMessage[id=9b1e735a-0187-1000-1eef-42a01ab41f93] null
2023-04-26 09:00:41,664 INFO [Timer-Driven Process Thread-5] o.a.nifi.processors.standard.LogMessage LogMessage[id=9b1e735a-0187-1000-1eef-42a01ab41f93] null
2023-04-26 09:00:42,669 INFO [Timer-Driven Process Thread-2] o.a.nifi.processors.standard.LogMessage LogMessage[id=9b1e735a-0187-1000-1eef-42a01ab41f93] null
2023-04-26 09:00:43,668 INFO [Timer-Driven Process Thread-4] o.a.nifi.processors.standard.LogMessage LogMessage[id=9b1e735a-0187-1000-1eef-42a01ab41f93] null
2023-04-26 09:00:44,671 INFO [Timer-Driven Process Thread-10] o.a.nifi.processors.standard.LogMessage LogMessage[id=9b1e735a-0187-1000-1eef-42a01ab41f93] null
2023-04-26 09:00:45,666 INFO [Timer-Driven Process Thread-6] o.a.nifi.processors.standard.LogMessage LogMessage[id=9b1e735a-0187-1000-1eef-42a01ab41f93] null
2023-04-26 09:00:46,674 INFO [Timer-Driven Process Thread-5] o.a.nifi.processors.standard.LogMessage LogMessage[id=9b1e735a-0187-1000-1eef-42a01ab41f93] null
2023-04-26 09:00:47,674 INFO [Timer-Driven Process Thread-5] o.a.nifi.processors.standard.LogMessage LogMessage[id=9b1e735a-0187-1000-1eef-42a01ab41f93] null
2023-04-26 09:00:48,676 INFO [Timer-Driven Process Thread-10] o.a.nifi.processors.standard.LogMessage LogMessage[id=9b1e735a-0187-1000-1eef-42a01ab41f93] null
2023-04-26 09:00:49,677 INFO [Timer-Driven Process Thread-4] o.a.nifi.processors.standard.LogMessage LogMessage[id=9b1e735a-0187-1000-1eef-42a01ab41f93] null
2023-04-26 09:00:50,674 INFO [Timer-Driven Process Thread-2] o.a.nifi.processors.standard.LogMessage LogMessage[id=9b1e735a-0187-1000-1eef-42a01ab41f93] null
2023-04-26 09:00:51,686 INFO [Timer-Driven Process Thread-2] o.a.nifi.processors.standard.LogMessage LogMessage[id=9b1e735a-0187-1000-1eef-42a01ab41f93] null
2023-04-26 09:00:52,684 INFO [Timer-Driven Process Thread-3] o.a.nifi.processors.standard.LogMessage LogMessage[id=9b1e735a-0187-1000-1eef-42a01ab41f93] null
2023-04-26 09:00:53,689 INFO [Timer-Driven Process Thread-8] o.a.nifi.processors.standard.LogMessage LogMessage[id=9b1e735a-0187-1000-1eef-42a01ab41f93] null
2023-04-26 09:00:53,924 INFO [Cleanup Archive for default] o.a.n.c.repository.FileSystemRepository Successfully deleted 0 files (0 bytes) from archive
2023-04-26 09:00:53,924 INFO [Cleanup Archive for default] o.a.n.c.repository.FileSystemRepository Archive cleanup completed for container default; will now allow writing to this container. Bytes used = 11.37 GB, bytes free = 51.32 GB, capacity = 62.69 GB
2023-04-26 09:00:54,692 INFO [Timer-Driven Process Thread-7] o.a.nifi.processors.standard.LogMessage LogMessage[id=9b1e735a-0187-1000-1eef-42a01ab41f93] null
2023-04-26 09:00:55,698 INFO [Timer-Driven Process Thread-3] o.a.nifi.processors.standard.LogMessage LogMessage[id=9b1e735a-0187-1000-1eef-42a01ab41f93] null
2023-04-26 09:00:56,327 INFO [pool-7-thread-1] o.a.n.c.r.WriteAheadFlowFileRepository Initiating checkpoint of FlowFile Repository
2023-04-26 09:00:56,345 INFO [pool-7-thread-1] o.a.n.wali.SequentialAccessWriteAheadLog Checkpointed Write-Ahead Log with 0 Records and 0 Swap Files in 17 milliseconds (Stop-the-world time = 14 milliseconds), max Transaction ID 186303
2023-04-26 09:00:56,346 INFO [pool-7-thread-1] o.a.n.c.r.WriteAheadFlowFileRepository Successfully checkpointed FlowFile Repository with 0 records in 17 milliseconds
2023-04-26 09:00:56,692 INFO [Timer-Driven Process Thread-6] o.a.nifi.processors.standard.LogMessage LogMessage[id=9b1e735a-0187-1000-1eef-42a01ab41f93] null
2023-04-26 09:00:57,690 INFO [Timer-Driven Process Thread-2] o.a.nifi.processors.standard.LogMessage LogMessage[id=9b1e735a-0187-1000-1eef-42a01ab41f93] null
2023-04-26 09:00:58,695 INFO [Timer-Driven Process Thread-3] o.a.nifi.processors.standard.LogMessage LogMessage[id=9b1e735a-0187-1000-1eef-42a01ab41f93] null
2023-04-26 09:00:59,702 INFO [Timer-Driven Process Thread-5] o.a.nifi.processors.standard.LogMessage LogMessage[id=9b1e735a-0187-1000-1eef-42a01ab41f93] null
2023-04-26 09:01:00,705 INFO [Timer-Driven Process Thread-7] o.a.nifi.processors.standard.LogMessage LogMessage[id=9b1e735a-0187-1000-1eef-42a01ab41f93] null
2023-04-26 09:01:01,702 INFO [Timer-Driven Process Thread-2] o.a.nifi.processors.standard.LogMessage LogMessage[id=9b1e735a-0187-1000-1eef-42a01ab41f93] null
2023-04-26 09:01:02,708 INFO [Timer-Driven Process Thread-8] o.a.nifi.processors.standard.LogMessage LogMessage[id=9b1e735a-0187-1000-1eef-42a01ab41f93] null
2023-04-26 09:01:03,710 INFO [Timer-Driven Process Thread-7] o.a.nifi.processors.standard.LogMessage LogMessage[id=9b1e735a-0187-1000-1eef-42a01ab41f93] null
2023-04-26 09:01:04,714 INFO [Timer-Driven Process Thread-6] o.a.nifi.processors.standard.LogMessage LogMessage[id=9b1e735a-0187-1000-1eef-42a01ab41f93] null
2023-04-26 09:01:05,713 INFO [Timer-Driven Process Thread-5] o.a.nifi.processors.standard.LogMessage LogMessage[id=9b1e735a-0187-1000-1eef-42a01ab41f93] null
2023-04-26 09:01:06,713 INFO [Timer-Driven Process Thread-9] o.a.nifi.processors.standard.LogMessage LogMessage[id=9b1e735a-0187-1000-1eef-42a01ab41f93] null
2023-04-26 09:01:07,713 INFO [Timer-Driven Process Thread-7] o.a.nifi.processors.standard.LogMessage LogMessage[id=9b1e735a-0187-1000-1eef-42a01ab41f93] null
2023-04-26 09:01:08,719 INFO [Timer-Driven Process Thread-5] o.a.nifi.processors.standard.LogMessage LogMessage[id=9b1e735a-0187-1000-1eef-42a01ab41f93] null
2023-04-26 09:01:09,719 INFO [Timer-Driven Process Thread-3] o.a.nifi.processors.standard.LogMessage LogMessage[id=9b1e735a-0187-1000-1eef-42a01ab41f93] null
2023-04-26 09:01:10,725 INFO [Timer-Driven Process Thread-2] o.a.nifi.processors.standard.LogMessage LogMessage[id=9b1e735a-0187-1000-1eef-42a01ab41f93] null
2023-04-26 09:01:11,722 INFO [Timer-Driven Process Thread-7] o.a.nifi.processors.standard.LogMessage LogMessage[id=9b1e735a-0187-1000-1eef-42a01ab41f93] null
2023-04-26 09:01:12,729 INFO [Timer-Driven Process Thread-10] o.a.nifi.processors.standard.LogMessage LogMessage[id=9b1e735a-0187-1000-1eef-42a01ab41f93] null
2023-04-26 09:01:13,730 INFO [Timer-Driven Process Thread-7] o.a.nifi.processors.standard.LogMessage LogMessage[id=9b1e735a-0187-1000-1eef-42a01ab41f93] null
2023-04-26 09:01:14,720 INFO [Timer-Driven Process Thread-5] o.a.nifi.processors.standard.LogMessage LogMessage[id=9b1e735a-0187-1000-1eef-42a01ab41f93] null
2023-04-26 09:01:15,730 INFO [Timer-Driven Process Thread-8] o.a.nifi.processors.standard.LogMessage LogMessage[id=9b1e735a-0187-1000-1eef-42a01ab41f93] null
2023-04-26 09:01:16,346 INFO [pool-7-thread-1] o.a.n.c.r.WriteAheadFlowFileRepository Initiating checkpoint of FlowFile Repository
2023-04-26 09:01:16,369 INFO [pool-7-thread-1] o.a.n.wali.SequentialAccessWriteAheadLog Checkpointed Write-Ahead Log with 0 Records and 0 Swap Files in 21 milliseconds (Stop-the-world time = 16 milliseconds), max Transaction ID 186803
2023-04-26 09:01:16,370 INFO [pool-7-thread-1] o.a.n.c.r.WriteAheadFlowFileRepository Successfully checkpointed FlowFile Repository with 0 records in 22 milliseconds
2023-04-26 09:01:16,729 INFO [Timer-Driven Process Thread-4] o.a.nifi.processors.standard.LogMessage LogMessage[id=9b1e735a-0187-1000-1eef-42a01ab41f93] null
2023-04-26 09:01:17,737 INFO [Timer-Driven Process Thread-10] o.a.nifi.processors.standard.LogMessage LogMessage[id=9b1e735a-0187-1000-1eef-42a01ab41f93] null
2023-04-26 09:01:18,742 INFO [Timer-Driven Process Thread-7] o.a.nifi.processors.standard.LogMessage LogMessage[id=9b1e735a-0187-1000-1eef-42a01ab41f93] null
2023-04-26 09:01:19,737 INFO [Timer-Driven Process Thread-9] o.a.nifi.processors.standard.LogMessage LogMessage[id=9b1e735a-0187-1000-1eef-42a01ab41f93] null
2023-04-26 09:01:20,736 INFO [Timer-Driven Process Thread-1] o.a.nifi.processors.standard.LogMessage LogMessage[id=9b1e735a-0187-1000-1eef-42a01ab41f93] null
2023-04-26 09:01:21,723 INFO [Timer-Driven Process Thread-5] o.a.nifi.processors.standard.LogMessage LogMessage[id=9b1e735a-0187-1000-1eef-42a01ab41f93] null
2023-04-26 09:01:22,723 INFO [Timer-Driven Process Thread-1] o.a.nifi.processors.standard.LogMessage LogMessage[id=9b1e735a-0187-1000-1eef-42a01ab41f93] null
2023-04-26 09:01:23,717 INFO [Timer-Driven Process Thread-10] o.a.nifi.processors.standard.LogMessage LogMessage[id=9b1e735a-0187-1000-1eef-42a01ab41f93] null
2023-04-26 09:01:24,728 INFO [Timer-Driven Process Thread-1] o.a.nifi.processors.standard.LogMessage LogMessage[id=9b1e735a-0187-1000-1eef-42a01ab41f93] null
2023-04-26 09:01:25,723 INFO [Timer-Driven Process Thread-6] o.a.nifi.processors.standard.LogMessage LogMessage[id=9b1e735a-0187-1000-1eef-42a01ab41f93] null
2023-04-26 09:01:26,171 INFO [NiFi Web Server-19] o.a.n.c.s.TimerDrivenSchedulingAgent Stopped scheduling LocalPort[id=5ae1348c-0187-1000-6f35-cc560e2f30c6, type=OUTPUT_PORT, name=output, group=tramSImulation] to run
2023-04-26 09:01:26,173 INFO [NiFi Web Server-19] o.a.n.c.s.StandardProcessScheduler Stopping GenerateFlowFile[id=5ae4cc07-0187-1000-084b-20616e7b7655]
2023-04-26 09:01:26,174 INFO [NiFi Web Server-19] o.a.n.controller.StandardProcessorNode Stopping processor: GenerateFlowFile[id=5ae4cc07-0187-1000-084b-20616e7b7655]
2023-04-26 09:01:26,175 INFO [Timer-Driven Process Thread-10] o.a.n.c.s.TimerDrivenSchedulingAgent Stopped scheduling GenerateFlowFile[id=5ae4cc07-0187-1000-084b-20616e7b7655] to run
2023-04-26 09:01:26,176 INFO [NiFi Web Server-19] o.a.n.c.s.StandardProcessScheduler Stopping GenerateFlowFile[id=5ade80f8-0187-1000-c3ee-b8da8a7d1926]
2023-04-26 09:01:26,176 INFO [NiFi Web Server-19] o.a.n.controller.StandardProcessorNode Stopping processor: GenerateFlowFile[id=5ade80f8-0187-1000-c3ee-b8da8a7d1926]
2023-04-26 09:01:26,176 INFO [Timer-Driven Process Thread-1] o.a.n.c.s.TimerDrivenSchedulingAgent Stopped scheduling GenerateFlowFile[id=5ade80f8-0187-1000-c3ee-b8da8a7d1926] to run
2023-04-26 09:01:26,176 INFO [NiFi Web Server-19] o.a.n.c.s.StandardProcessScheduler Stopping GenerateFlowFile[id=5ade5549-0187-1000-9738-51a2e60d12cf]
2023-04-26 09:01:26,176 INFO [NiFi Web Server-19] o.a.n.controller.StandardProcessorNode Stopping processor: GenerateFlowFile[id=5ade5549-0187-1000-9738-51a2e60d12cf]
2023-04-26 09:01:26,176 INFO [Timer-Driven Process Thread-4] o.a.n.c.s.TimerDrivenSchedulingAgent Stopped scheduling GenerateFlowFile[id=5ade5549-0187-1000-9738-51a2e60d12cf] to run
2023-04-26 09:01:26,717 INFO [Flow Service Tasks Thread-1] o.a.nifi.controller.StandardFlowService Saved flow controller org.apache.nifi.controller.FlowController@7eca4214 // Another save pending = false
2023-04-26 09:01:28,332 INFO [NiFi Web Server-21] o.a.n.c.s.TimerDrivenSchedulingAgent Stopped scheduling LocalPort[id=01871011-da3a-16d8-aece-da8c93151b51, type=OUTPUT_PORT, name=outputMqtt, group=tramMQTT] to run
2023-04-26 09:01:28,332 INFO [NiFi Web Server-21] o.a.n.c.s.StandardProcessScheduler Stopping ConsumeMQTT[id=0187100d-da3a-16d8-2014-4e57e1af1d4b]
2023-04-26 09:01:28,332 INFO [NiFi Web Server-21] o.a.n.controller.StandardProcessorNode Stopping processor: ConsumeMQTT[id=0187100d-da3a-16d8-2014-4e57e1af1d4b]
2023-04-26 09:01:28,332 INFO [NiFi Web Server-21] o.a.n.c.s.StandardProcessScheduler Stopping LogMessage[id=0187101f-da3a-16d8-d48b-6533930c9ba7]
2023-04-26 09:01:28,332 INFO [Timer-Driven Process Thread-3] o.a.n.c.s.TimerDrivenSchedulingAgent Stopped scheduling ConsumeMQTT[id=0187100d-da3a-16d8-2014-4e57e1af1d4b] to run
2023-04-26 09:01:28,332 INFO [NiFi Web Server-21] o.a.n.controller.StandardProcessorNode Stopping processor: LogMessage[id=0187101f-da3a-16d8-d48b-6533930c9ba7]
2023-04-26 09:01:28,333 INFO [Timer-Driven Process Thread-8] o.a.n.c.s.TimerDrivenSchedulingAgent Stopped scheduling LogMessage[id=0187101f-da3a-16d8-d48b-6533930c9ba7] to run
2023-04-26 09:01:28,762 INFO [Flow Service Tasks Thread-1] o.a.nifi.controller.StandardFlowService Saved flow controller org.apache.nifi.controller.FlowController@7eca4214 // Another save pending = false
2023-04-26 09:01:36,348 INFO [pool-7-thread-1] o.a.n.c.r.WriteAheadFlowFileRepository Initiating checkpoint of FlowFile Repository
2023-04-26 09:01:36,365 INFO [pool-7-thread-1] o.a.n.wali.SequentialAccessWriteAheadLog Checkpointed Write-Ahead Log with 0 Records and 0 Swap Files in 16 milliseconds (Stop-the-world time = 10 milliseconds), max Transaction ID 187053
2023-04-26 09:01:36,365 INFO [pool-7-thread-1] o.a.n.c.r.WriteAheadFlowFileRepository Successfully checkpointed FlowFile Repository with 0 records in 16 milliseconds
2023-04-26 09:01:41,908 INFO [NiFi Web Server-21] o.a.n.c.s.TimerDrivenSchedulingAgent Scheduled LocalPort[id=01871011-da3a-16d8-aece-da8c93151b51, type=OUTPUT_PORT, name=outputMqtt, group=tramMQTT] to run with 1 threads
2023-04-26 09:01:41,909 INFO [NiFi Web Server-21] o.a.n.c.s.StandardProcessScheduler Starting ConsumeMQTT[id=0187100d-da3a-16d8-2014-4e57e1af1d4b]
2023-04-26 09:01:41,910 INFO [NiFi Web Server-21] o.a.n.controller.StandardProcessorNode Starting ConsumeMQTT[id=0187100d-da3a-16d8-2014-4e57e1af1d4b]
2023-04-26 09:01:41,913 INFO [NiFi Web Server-21] o.a.n.c.s.StandardProcessScheduler Starting LogMessage[id=0187101f-da3a-16d8-d48b-6533930c9ba7]
2023-04-26 09:01:41,913 INFO [NiFi Web Server-21] o.a.n.controller.StandardProcessorNode Starting LogMessage[id=0187101f-da3a-16d8-d48b-6533930c9ba7]
2023-04-26 09:01:41,915 INFO [Timer-Driven Process Thread-4] o.a.n.c.s.TimerDrivenSchedulingAgent Scheduled LogMessage[id=0187101f-da3a-16d8-d48b-6533930c9ba7] to run with 1 threads
2023-04-26 09:01:41,915 INFO [Timer-Driven Process Thread-3] o.a.n.c.s.TimerDrivenSchedulingAgent Scheduled ConsumeMQTT[id=0187100d-da3a-16d8-2014-4e57e1af1d4b] to run with 1 threads
2023-04-26 09:01:42,315 INFO [Flow Service Tasks Thread-1] o.a.nifi.controller.StandardFlowService Saved flow controller org.apache.nifi.controller.FlowController@7eca4214 // Another save pending = false
2023-04-26 09:01:53,899 INFO [Cleanup Archive for default] o.a.n.c.repository.FileSystemRepository Successfully deleted 0 files (0 bytes) from archive
2023-04-26 09:01:53,900 INFO [Cleanup Archive for default] o.a.n.c.repository.FileSystemRepository Archive cleanup completed for container default; will now allow writing to this container. Bytes used = 11.37 GB, bytes free = 51.32 GB, capacity = 62.69 GB
2023-04-26 09:01:53,921 INFO [Write-Ahead Local State Provider Maintenance] org.wali.MinimalLockingWriteAheadLog org.wali.MinimalLockingWriteAheadLog@5529522f checkpointed with 7 Records and 0 Swap Files in 8 milliseconds (Stop-the-world time = 1 milliseconds, Clear Edit Logs time = 1 millis), max Transaction ID 55256
2023-04-26 09:01:56,345 INFO [pool-7-thread-1] o.a.n.c.r.WriteAheadFlowFileRepository Initiating checkpoint of FlowFile Repository
2023-04-26 09:01:56,365 INFO [pool-7-thread-1] o.a.n.wali.SequentialAccessWriteAheadLog Checkpointed Write-Ahead Log with 20 Records and 0 Swap Files in 19 milliseconds (Stop-the-world time = 14 milliseconds), max Transaction ID 187253
2023-04-26 09:01:56,366 INFO [pool-7-thread-1] o.a.n.c.r.WriteAheadFlowFileRepository Successfully checkpointed FlowFile Repository with 20 records in 19 milliseconds
2023-04-26 09:02:00,353 INFO [Timer-Driven Process Thread-2] o.a.nifi.processors.standard.LogMessage LogMessage[id=9b1e735a-0187-1000-1eef-42a01ab41f93] null
2023-04-26 09:02:00,354 INFO [Timer-Driven Process Thread-2] o.a.nifi.processors.standard.LogMessage LogMessage[id=9b1e735a-0187-1000-1eef-42a01ab41f93] null
2023-04-26 09:02:00,356 INFO [Timer-Driven Process Thread-2] o.a.nifi.processors.standard.LogMessage LogMessage[id=9b1e735a-0187-1000-1eef-42a01ab41f93] null
2023-04-26 09:02:00,357 INFO [Timer-Driven Process Thread-2] o.a.nifi.processors.standard.LogMessage LogMessage[id=9b1e735a-0187-1000-1eef-42a01ab41f93] null
2023-04-26 09:02:00,358 INFO [Timer-Driven Process Thread-2] o.a.nifi.processors.standard.LogMessage LogMessage[id=9b1e735a-0187-1000-1eef-42a01ab41f93] null
2023-04-26 09:02:00,359 INFO [Timer-Driven Process Thread-2] o.a.nifi.processors.standard.LogMessage LogMessage[id=9b1e735a-0187-1000-1eef-42a01ab41f93] null
2023-04-26 09:02:00,360 INFO [Timer-Driven Process Thread-2] o.a.nifi.processors.standard.LogMessage LogMessage[id=9b1e735a-0187-1000-1eef-42a01ab41f93] null
2023-04-26 09:02:00,361 INFO [Timer-Driven Process Thread-2] o.a.nifi.processors.standard.LogMessage LogMessage[id=9b1e735a-0187-1000-1eef-42a01ab41f93] null
2023-04-26 09:02:00,363 INFO [Timer-Driven Process Thread-2] o.a.nifi.processors.standard.LogMessage LogMessage[id=9b1e735a-0187-1000-1eef-42a01ab41f93] null
2023-04-26 09:02:00,365 INFO [Timer-Driven Process Thread-2] o.a.nifi.processors.standard.LogMessage LogMessage[id=9b1e735a-0187-1000-1eef-42a01ab41f93] null
2023-04-26 09:02:00,367 INFO [Timer-Driven Process Thread-2] o.a.nifi.processors.standard.LogMessage LogMessage[id=9b1e735a-0187-1000-1eef-42a01ab41f93] null
2023-04-26 09:02:00,369 INFO [Timer-Driven Process Thread-2] o.a.nifi.processors.standard.LogMessage LogMessage[id=9b1e735a-0187-1000-1eef-42a01ab41f93] null
2023-04-26 09:02:00,370 INFO [Timer-Driven Process Thread-2] o.a.nifi.processors.standard.LogMessage LogMessage[id=9b1e735a-0187-1000-1eef-42a01ab41f93] null
2023-04-26 09:02:00,371 INFO [Timer-Driven Process Thread-2] o.a.nifi.processors.standard.LogMessage LogMessage[id=9b1e735a-0187-1000-1eef-42a01ab41f93] null
2023-04-26 09:02:01,348 INFO [Timer-Driven Process Thread-3] o.a.nifi.processors.standard.LogMessage LogMessage[id=9b1e735a-0187-1000-1eef-42a01ab41f93] null
2023-04-26 09:02:01,359 INFO [Timer-Driven Process Thread-5] o.a.nifi.processors.standard.LogMessage LogMessage[id=9b1e735a-0187-1000-1eef-42a01ab41f93] null
2023-04-26 09:02:01,360 INFO [Timer-Driven Process Thread-5] o.a.nifi.processors.standard.LogMessage LogMessage[id=9b1e735a-0187-1000-1eef-42a01ab41f93] null
2023-04-26 09:02:01,360 INFO [Timer-Driven Process Thread-5] o.a.nifi.processors.standard.LogMessage LogMessage[id=9b1e735a-0187-1000-1eef-42a01ab41f93] null
2023-04-26 09:02:01,361 INFO [Timer-Driven Process Thread-5] o.a.nifi.processors.standard.LogMessage LogMessage[id=9b1e735a-0187-1000-1eef-42a01ab41f93] null
2023-04-26 09:02:01,361 INFO [Timer-Driven Process Thread-5] o.a.nifi.processors.standard.LogMessage LogMessage[id=9b1e735a-0187-1000-1eef-42a01ab41f93] null
2023-04-26 09:02:01,361 INFO [Timer-Driven Process Thread-5] o.a.nifi.processors.standard.LogMessage LogMessage[id=9b1e735a-0187-1000-1eef-42a01ab41f93] null
2023-04-26 09:02:01,362 INFO [Timer-Driven Process Thread-5] o.a.nifi.processors.standard.LogMessage LogMessage[id=9b1e735a-0187-1000-1eef-42a01ab41f93] null
2023-04-26 09:02:01,363 INFO [Timer-Driven Process Thread-5] o.a.nifi.processors.standard.LogMessage LogMessage[id=9b1e735a-0187-1000-1eef-42a01ab41f93] null
2023-04-26 09:02:01,364 INFO [Timer-Driven Process Thread-5] o.a.nifi.processors.standard.LogMessage LogMessage[id=9b1e735a-0187-1000-1eef-42a01ab41f93] null
2023-04-26 09:02:01,365 INFO [Timer-Driven Process Thread-5] o.a.nifi.processors.standard.LogMessage LogMessage[id=9b1e735a-0187-1000-1eef-42a01ab41f93] null
2023-04-26 09:02:01,366 INFO [Timer-Driven Process Thread-5] o.a.nifi.processors.standard.LogMessage LogMessage[id=9b1e735a-0187-1000-1eef-42a01ab41f93] null
2023-04-26 09:02:02,363 INFO [Timer-Driven Process Thread-4] o.a.nifi.processors.standard.LogMessage LogMessage[id=9b1e735a-0187-1000-1eef-42a01ab41f93] null
2023-04-26 09:02:02,364 INFO [Timer-Driven Process Thread-4] o.a.nifi.processors.standard.LogMessage LogMessage[id=9b1e735a-0187-1000-1eef-42a01ab41f93] null
2023-04-26 09:02:02,364 INFO [Timer-Driven Process Thread-4] o.a.nifi.processors.standard.LogMessage LogMessage[id=9b1e735a-0187-1000-1eef-42a01ab41f93] null
2023-04-26 09:02:02,364 INFO [Timer-Driven Process Thread-4] o.a.nifi.processors.standard.LogMessage LogMessage[id=9b1e735a-0187-1000-1eef-42a01ab41f93] null
2023-04-26 09:02:02,365 INFO [Timer-Driven Process Thread-4] o.a.nifi.processors.standard.LogMessage LogMessage[id=9b1e735a-0187-1000-1eef-42a01ab41f93] null
2023-04-26 09:02:02,365 INFO [Timer-Driven Process Thread-4] o.a.nifi.processors.standard.LogMessage LogMessage[id=9b1e735a-0187-1000-1eef-42a01ab41f93] null
2023-04-26 09:02:02,365 INFO [Timer-Driven Process Thread-4] o.a.nifi.processors.standard.LogMessage LogMessage[id=9b1e735a-0187-1000-1eef-42a01ab41f93] null
2023-04-26 09:02:02,365 INFO [Timer-Driven Process Thread-4] o.a.nifi.processors.standard.LogMessage LogMessage[id=9b1e735a-0187-1000-1eef-42a01ab41f93] null
2023-04-26 09:02:02,366 INFO [Timer-Driven Process Thread-4] o.a.nifi.processors.standard.LogMessage LogMessage[id=9b1e735a-0187-1000-1eef-42a01ab41f93] null
2023-04-26 09:02:02,367 INFO [Timer-Driven Process Thread-4] o.a.nifi.processors.standard.LogMessage LogMessage[id=9b1e735a-0187-1000-1eef-42a01ab41f93] null
2023-04-26 09:02:02,367 INFO [Timer-Driven Process Thread-4] o.a.nifi.processors.standard.LogMessage LogMessage[id=9b1e735a-0187-1000-1eef-42a01ab41f93] null
2023-04-26 09:02:02,368 INFO [Timer-Driven Process Thread-4] o.a.nifi.processors.standard.LogMessage LogMessage[id=9b1e735a-0187-1000-1eef-42a01ab41f93] null
2023-04-26 09:02:02,368 INFO [Timer-Driven Process Thread-4] o.a.nifi.processors.standard.LogMessage LogMessage[id=9b1e735a-0187-1000-1eef-42a01ab41f93] null
2023-04-26 09:02:02,369 INFO [Timer-Driven Process Thread-4] o.a.nifi.processors.standard.LogMessage LogMessage[id=9b1e735a-0187-1000-1eef-42a01ab41f93] null
2023-04-26 09:02:03,367 INFO [Timer-Driven Process Thread-8] o.a.nifi.processors.standard.LogMessage LogMessage[id=9b1e735a-0187-1000-1eef-42a01ab41f93] null
2023-04-26 09:02:03,369 INFO [Timer-Driven Process Thread-8] o.a.nifi.processors.standard.LogMessage LogMessage[id=9b1e735a-0187-1000-1eef-42a01ab41f93] null
2023-04-26 09:02:03,370 INFO [Timer-Driven Process Thread-5] o.a.nifi.processors.standard.LogMessage LogMessage[id=9b1e735a-0187-1000-1eef-42a01ab41f93] null
2023-04-26 09:02:03,371 INFO [Timer-Driven Process Thread-5] o.a.nifi.processors.standard.LogMessage LogMessage[id=9b1e735a-0187-1000-1eef-42a01ab41f93] null
2023-04-26 09:02:03,372 INFO [Timer-Driven Process Thread-5] o.a.nifi.processors.standard.LogMessage LogMessage[id=9b1e735a-0187-1000-1eef-42a01ab41f93] null
2023-04-26 09:02:03,373 INFO [Timer-Driven Process Thread-5] o.a.nifi.processors.standard.LogMessage LogMessage[id=9b1e735a-0187-1000-1eef-42a01ab41f93] null
2023-04-26 09:02:03,374 INFO [Timer-Driven Process Thread-5] o.a.nifi.processors.standard.LogMessage LogMessage[id=9b1e735a-0187-1000-1eef-42a01ab41f93] null
2023-04-26 09:02:03,375 INFO [Timer-Driven Process Thread-5] o.a.nifi.processors.standard.LogMessage LogMessage[id=9b1e735a-0187-1000-1eef-42a01ab41f93] null
2023-04-26 09:02:03,376 INFO [Timer-Driven Process Thread-5] o.a.nifi.processors.standard.LogMessage LogMessage[id=9b1e735a-0187-1000-1eef-42a01ab41f93] null
2023-04-26 09:02:03,377 INFO [Timer-Driven Process Thread-5] o.a.nifi.processors.standard.LogMessage LogMessage[id=9b1e735a-0187-1000-1eef-42a01ab41f93] null
2023-04-26 09:02:03,378 INFO [Timer-Driven Process Thread-5] o.a.nifi.processors.standard.LogMessage LogMessage[id=9b1e735a-0187-1000-1eef-42a01ab41f93] null
2023-04-26 09:02:03,379 INFO [Timer-Driven Process Thread-5] o.a.nifi.processors.standard.LogMessage LogMessage[id=9b1e735a-0187-1000-1eef-42a01ab41f93] null
2023-04-26 09:02:03,380 INFO [Timer-Driven Process Thread-4] o.a.nifi.processors.standard.LogMessage LogMessage[id=9b1e735a-0187-1000-1eef-42a01ab41f93] null
2023-04-26 09:02:03,382 INFO [Timer-Driven Process Thread-4] o.a.nifi.processors.standard.LogMessage LogMessage[id=9b1e735a-0187-1000-1eef-42a01ab41f93] null
2023-04-26 09:02:03,383 INFO [Timer-Driven Process Thread-4] o.a.nifi.processors.standard.LogMessage LogMessage[id=9b1e735a-0187-1000-1eef-42a01ab41f93] null
2023-04-26 09:02:03,384 INFO [Timer-Driven Process Thread-4] o.a.nifi.processors.standard.LogMessage LogMessage[id=9b1e735a-0187-1000-1eef-42a01ab41f93] null
2023-04-26 09:02:04,366 INFO [Timer-Driven Process Thread-10] o.a.nifi.processors.standard.LogMessage LogMessage[id=9b1e735a-0187-1000-1eef-42a01ab41f93] null
2023-04-26 09:02:04,367 INFO [Timer-Driven Process Thread-10] o.a.nifi.processors.standard.LogMessage LogMessage[id=9b1e735a-0187-1000-1eef-42a01ab41f93] null
2023-04-26 09:02:04,368 INFO [Timer-Driven Process Thread-10] o.a.nifi.processors.standard.LogMessage LogMessage[id=9b1e735a-0187-1000-1eef-42a01ab41f93] null
2023-04-26 09:02:04,369 INFO [Timer-Driven Process Thread-10] o.a.nifi.processors.standard.LogMessage LogMessage[id=9b1e735a-0187-1000-1eef-42a01ab41f93] null
2023-04-26 09:02:04,371 INFO [Timer-Driven Process Thread-10] o.a.nifi.processors.standard.LogMessage LogMessage[id=9b1e735a-0187-1000-1eef-42a01ab41f93] null
2023-04-26 09:02:04,372 INFO [Timer-Driven Process Thread-10] o.a.nifi.processors.standard.LogMessage LogMessage[id=9b1e735a-0187-1000-1eef-42a01ab41f93] null
2023-04-26 09:02:04,373 INFO [Timer-Driven Process Thread-10] o.a.nifi.processors.standard.LogMessage LogMessage[id=9b1e735a-0187-1000-1eef-42a01ab41f93] null
2023-04-26 09:02:04,375 INFO [Timer-Driven Process Thread-10] o.a.nifi.processors.standard.LogMessage LogMessage[id=9b1e735a-0187-1000-1eef-42a01ab41f93] null
2023-04-26 09:02:04,376 INFO [Timer-Driven Process Thread-10] o.a.nifi.processors.standard.LogMessage LogMessage[id=9b1e735a-0187-1000-1eef-42a01ab41f93] null
2023-04-26 09:02:04,377 INFO [Timer-Driven Process Thread-10] o.a.nifi.processors.standard.LogMessage LogMessage[id=9b1e735a-0187-1000-1eef-42a01ab41f93] null
2023-04-26 09:02:04,378 INFO [Timer-Driven Process Thread-10] o.a.nifi.processors.standard.LogMessage LogMessage[id=9b1e735a-0187-1000-1eef-42a01ab41f93] null
2023-04-26 09:02:04,379 INFO [Timer-Driven Process Thread-10] o.a.nifi.processors.standard.LogMessage LogMessage[id=9b1e735a-0187-1000-1eef-42a01ab41f93] null
2023-04-26 09:02:04,380 INFO [Timer-Driven Process Thread-10] o.a.nifi.processors.standard.LogMessage LogMessage[id=9b1e735a-0187-1000-1eef-42a01ab41f93] null
2023-04-26 09:02:04,381 INFO [Timer-Driven Process Thread-10] o.a.nifi.processors.standard.LogMessage LogMessage[id=9b1e735a-0187-1000-1eef-42a01ab41f93] null
2023-04-26 09:02:04,382 INFO [Timer-Driven Process Thread-10] o.a.nifi.processors.standard.LogMessage LogMessage[id=9b1e735a-0187-1000-1eef-42a01ab41f93] null
2023-04-26 09:02:04,383 INFO [Timer-Driven Process Thread-10] o.a.nifi.processors.standard.LogMessage LogMessage[id=9b1e735a-0187-1000-1eef-42a01ab41f93] null
2023-04-26 09:02:16,367 INFO [pool-7-thread-1] o.a.n.c.r.WriteAheadFlowFileRepository Initiating checkpoint of FlowFile Repository
2023-04-26 09:02:16,383 INFO [pool-7-thread-1] o.a.n.wali.SequentialAccessWriteAheadLog Checkpointed Write-Ahead Log with 0 Records and 0 Swap Files in 15 milliseconds (Stop-the-world time = 9 milliseconds), max Transaction ID 188105
2023-04-26 09:02:16,384 INFO [pool-7-thread-1] o.a.n.c.r.WriteAheadFlowFileRepository Successfully checkpointed FlowFile Repository with 0 records in 15 milliseconds
2023-04-26 09:02:36,376 INFO [pool-7-thread-1] o.a.n.c.r.WriteAheadFlowFileRepository Initiating checkpoint of FlowFile Repository
2023-04-26 09:02:36,378 INFO [pool-7-thread-1] o.a.n.c.r.WriteAheadFlowFileRepository Successfully checkpointed FlowFile Repository with 0 records in 0 milliseconds
2023-04-26 09:02:53,906 INFO [Cleanup Archive for default] o.a.n.c.repository.FileSystemRepository Successfully deleted 0 files (0 bytes) from archive
2023-04-26 09:02:53,907 INFO [Cleanup Archive for default] o.a.n.c.repository.FileSystemRepository Archive cleanup completed for container default; will now allow writing to this container. Bytes used = 11.37 GB, bytes free = 51.32 GB, capacity = 62.69 GB
2023-04-26 09:02:56,378 INFO [pool-7-thread-1] o.a.n.c.r.WriteAheadFlowFileRepository Initiating checkpoint of FlowFile Repository
2023-04-26 09:02:56,379 INFO [pool-7-thread-1] o.a.n.c.r.WriteAheadFlowFileRepository Successfully checkpointed FlowFile Repository with 0 records in 0 milliseconds
2023-04-26 09:03:16,380 INFO [pool-7-thread-1] o.a.n.c.r.WriteAheadFlowFileRepository Initiating checkpoint of FlowFile Repository
2023-04-26 09:03:16,380 INFO [pool-7-thread-1] o.a.n.c.r.WriteAheadFlowFileRepository Successfully checkpointed FlowFile Repository with 0 records in 0 milliseconds
2023-04-26 09:03:36,389 INFO [pool-7-thread-1] o.a.n.c.r.WriteAheadFlowFileRepository Initiating checkpoint of FlowFile Repository
2023-04-26 09:03:36,390 INFO [pool-7-thread-1] o.a.n.c.r.WriteAheadFlowFileRepository Successfully checkpointed FlowFile Repository with 0 records in 0 milliseconds
2023-04-26 09:03:53,923 INFO [Cleanup Archive for default] o.a.n.c.repository.FileSystemRepository Successfully deleted 0 files (0 bytes) from archive
2023-04-26 09:03:53,924 INFO [Cleanup Archive for default] o.a.n.c.repository.FileSystemRepository Archive cleanup completed for container default; will now allow writing to this container. Bytes used = 11.37 GB, bytes free = 51.32 GB, capacity = 62.69 GB
2023-04-26 09:03:53,927 INFO [Write-Ahead Local State Provider Maintenance] org.wali.MinimalLockingWriteAheadLog org.wali.MinimalLockingWriteAheadLog@5529522f checkpointed with 7 Records and 0 Swap Files in 7 milliseconds (Stop-the-world time = 1 milliseconds, Clear Edit Logs time = 3 millis), max Transaction ID 55340
2023-04-26 09:03:56,389 INFO [pool-7-thread-1] o.a.n.c.r.WriteAheadFlowFileRepository Initiating checkpoint of FlowFile Repository
2023-04-26 09:03:56,391 INFO [pool-7-thread-1] o.a.n.c.r.WriteAheadFlowFileRepository Successfully checkpointed FlowFile Repository with 0 records in 0 milliseconds
2023-04-26 09:04:16,392 INFO [pool-7-thread-1] o.a.n.c.r.WriteAheadFlowFileRepository Initiating checkpoint of FlowFile Repository
2023-04-26 09:04:16,393 INFO [pool-7-thread-1] o.a.n.c.r.WriteAheadFlowFileRepository Successfully checkpointed FlowFile Repository with 0 records in 0 milliseconds
2023-04-26 09:04:36,393 INFO [pool-7-thread-1] o.a.n.c.r.WriteAheadFlowFileRepository Initiating checkpoint of FlowFile Repository
2023-04-26 09:04:36,394 INFO [pool-7-thread-1] o.a.n.c.r.WriteAheadFlowFileRepository Successfully checkpointed FlowFile Repository with 0 records in 0 milliseconds
2023-04-26 09:08:22,576 INFO [pool-7-thread-1] o.a.n.c.r.WriteAheadFlowFileRepository Initiating checkpoint of FlowFile Repository
2023-04-26 09:08:22,577 INFO [pool-7-thread-1] o.a.n.c.r.WriteAheadFlowFileRepository Successfully checkpointed FlowFile Repository with 0 records in 0 milliseconds
2023-04-26 09:08:22,578 ERROR [MQTT Ping: fe589167-9acf-4003-8cf0-32405ac575b3] o.e.p.client.mqttv3.internal.ClientState fe589167-9acf-4003-8cf0-32405ac575b3: Timed out as no write activity, keepAlive=60,000,000,000 lastOutboundActivity=4,678,786,979,223 lastInboundActivity=4,678,787,874,068 time=4,959,267,943,488 lastPing=4,678,786,992,054
2023-04-26 09:08:22,578 INFO [Write-Ahead Local State Provider Maintenance] org.wali.MinimalLockingWriteAheadLog org.wali.MinimalLockingWriteAheadLog@5529522f checkpointed with 7 Records and 0 Swap Files in 15 milliseconds (Stop-the-world time = 3 milliseconds, Clear Edit Logs time = 1 millis), max Transaction ID 55340
2023-04-26 09:08:22,583 INFO [Cleanup Archive for default] o.a.n.c.repository.FileSystemRepository Successfully deleted 0 files (0 bytes) from archive
2023-04-26 09:08:22,584 INFO [Cleanup Archive for default] o.a.n.c.repository.FileSystemRepository Archive cleanup completed for container default; will now allow writing to this container. Bytes used = 11.37 GB, bytes free = 51.32 GB, capacity = 62.69 GB
2023-04-26 09:08:22,584 ERROR [MQTT Ping: fe589167-9acf-4003-8cf0-32405ac575b3] o.a.nifi.processors.mqtt.ConsumeMQTT ConsumeMQTT[id=0187100d-da3a-16d8-2014-4e57e1af1d4b] Connection to tcp://activemq:1883 lost
org.eclipse.paho.client.mqttv3.MqttException: Timed out while waiting to write messages to the server
	at org.eclipse.paho.client.mqttv3.internal.ExceptionHelper.createMqttException(ExceptionHelper.java:31)
	at org.eclipse.paho.client.mqttv3.internal.ClientState.checkForActivity(ClientState.java:752)
	at org.eclipse.paho.client.mqttv3.internal.ClientComms.checkForActivity(ClientComms.java:816)
	at org.eclipse.paho.client.mqttv3.internal.ClientComms.checkForActivity(ClientComms.java:802)
	at org.eclipse.paho.client.mqttv3.TimerPingSender$PingTask.run(TimerPingSender.java:79)
	at java.util.TimerThread.mainLoop(Timer.java:555)
	at java.util.TimerThread.run(Timer.java:505)
2023-04-26 09:08:42,578 INFO [pool-7-thread-1] o.a.n.c.r.WriteAheadFlowFileRepository Initiating checkpoint of FlowFile Repository
2023-04-26 09:08:42,578 INFO [pool-7-thread-1] o.a.n.c.r.WriteAheadFlowFileRepository Successfully checkpointed FlowFile Repository with 0 records in 0 milliseconds
