2023-04-25 14:49:57,114 INFO [main] o.a.n.b.NotificationServiceManager Successfully loaded the following 0 services: []
2023-04-25 14:49:57,128 INFO [main] org.apache.nifi.bootstrap.RunNiFi Registered no Notification Services for Notification Type NIFI_STARTED
2023-04-25 14:49:57,128 INFO [main] org.apache.nifi.bootstrap.RunNiFi Registered no Notification Services for Notification Type NIFI_STOPPED
2023-04-25 14:49:57,128 INFO [main] org.apache.nifi.bootstrap.RunNiFi Registered no Notification Services for Notification Type NIFI_DIED
2023-04-25 14:49:57,141 INFO [main] org.apache.nifi.bootstrap.RunNiFi Runtime Java version: 1.8.0_332
2023-04-25 14:49:57,155 INFO [main] org.apache.nifi.bootstrap.Command Starting Apache NiFi...
2023-04-25 14:49:57,155 INFO [main] org.apache.nifi.bootstrap.Command Working Directory: /opt/nifi/nifi-current
2023-04-25 14:49:57,156 INFO [main] org.apache.nifi.bootstrap.Command Command: /usr/local/openjdk-8/bin/java -classpath /opt/nifi/nifi-current/./conf:/opt/nifi/nifi-current/./lib/nifi-framework-api-1.18.0.jar:/opt/nifi/nifi-current/./lib/nifi-api-1.18.0.jar:/opt/nifi/nifi-current/./lib/nifi-runtime-1.18.0.jar:/opt/nifi/nifi-current/./lib/jetty-schemas-5.2.jar:/opt/nifi/nifi-current/./lib/jcl-over-slf4j-1.7.36.jar:/opt/nifi/nifi-current/./lib/jul-to-slf4j-1.7.36.jar:/opt/nifi/nifi-current/./lib/javax.servlet-api-3.1.0.jar:/opt/nifi/nifi-current/./lib/logback-core-1.2.11.jar:/opt/nifi/nifi-current/./lib/slf4j-api-1.7.36.jar:/opt/nifi/nifi-current/./lib/nifi-properties-1.18.0.jar:/opt/nifi/nifi-current/./lib/nifi-property-utils-1.18.0.jar:/opt/nifi/nifi-current/./lib/logback-classic-1.2.11.jar:/opt/nifi/nifi-current/./lib/nifi-server-api-1.18.0.jar:/opt/nifi/nifi-current/./lib/nifi-nar-utils-1.18.0.jar:/opt/nifi/nifi-current/./lib/nifi-stateless-bootstrap-1.18.0.jar:/opt/nifi/nifi-current/./lib/nifi-stateless-api-1.18.0.jar:/opt/nifi/nifi-current/./lib/log4j-over-slf4j-1.7.36.jar -Dorg.apache.jasper.compiler.disablejsr199=true -Xmx512m -Xms512m -Dcurator-log-only-first-connection-issue-as-error-level=true -Djavax.security.auth.useSubjectCredsOnly=true -Djava.security.egd=file:/dev/urandom -Dzookeeper.admin.enableServer=false -Dsun.net.http.allowRestrictedHeaders=true -Djava.net.preferIPv4Stack=true -Djava.awt.headless=true -Djava.protocol.handler.pkgs=sun.net.www.protocol -Dnifi.properties.file.path=/opt/nifi/nifi-current/./conf/nifi.properties -Dnifi.bootstrap.listen.port=35913 -Dapp=NiFi -Dorg.apache.nifi.bootstrap.config.log.dir=/opt/nifi/nifi-current/logs org.apache.nifi.NiFi 
2023-04-25 14:49:57,182 INFO [main] org.apache.nifi.bootstrap.Command Launched Apache NiFi with Process ID 91
2023-04-25 14:49:57,506 INFO [NiFi Bootstrap Command Listener] org.apache.nifi.bootstrap.RunNiFi Apache NiFi now running and listening for Bootstrap requests on port 37671
2023-04-25 14:57:19,660 INFO [main] o.a.n.b.NotificationServiceManager Successfully loaded the following 0 services: []
2023-04-25 14:57:19,662 INFO [main] org.apache.nifi.bootstrap.RunNiFi Registered no Notification Services for Notification Type NIFI_STARTED
2023-04-25 14:57:19,662 INFO [main] org.apache.nifi.bootstrap.RunNiFi Registered no Notification Services for Notification Type NIFI_STOPPED
2023-04-25 14:57:19,663 INFO [main] org.apache.nifi.bootstrap.RunNiFi Registered no Notification Services for Notification Type NIFI_DIED
2023-04-25 14:57:19,676 INFO [main] org.apache.nifi.bootstrap.Command Apache NiFi has accepted the Shutdown Command and is shutting down now
2023-04-25 14:57:19,706 INFO [main] org.apache.nifi.bootstrap.Command NiFi PID [91] shutdown in progress...
2023-04-25 14:57:21,359 INFO [main] org.apache.nifi.bootstrap.RunNiFi A shutdown was initiated. Will not restart NiFi
2023-04-25 14:57:21,714 INFO [main] org.apache.nifi.bootstrap.Command NiFi PID [91] shutdown completed
2023-04-25 21:07:25,681 INFO [main] o.a.n.b.NotificationServiceManager Successfully loaded the following 0 services: []
2023-04-25 21:07:25,683 INFO [main] org.apache.nifi.bootstrap.RunNiFi Registered no Notification Services for Notification Type NIFI_STARTED
2023-04-25 21:07:25,683 INFO [main] org.apache.nifi.bootstrap.RunNiFi Registered no Notification Services for Notification Type NIFI_STOPPED
2023-04-25 21:07:25,683 INFO [main] org.apache.nifi.bootstrap.RunNiFi Registered no Notification Services for Notification Type NIFI_DIED
2023-04-25 21:07:25,687 INFO [main] org.apache.nifi.bootstrap.RunNiFi Runtime Java version: 1.8.0_332
2023-04-25 21:07:25,703 INFO [main] org.apache.nifi.bootstrap.Command Starting Apache NiFi...
2023-04-25 21:07:25,703 INFO [main] org.apache.nifi.bootstrap.Command Working Directory: /opt/nifi/nifi-current
2023-04-25 21:07:25,704 INFO [main] org.apache.nifi.bootstrap.Command Command: /usr/local/openjdk-8/bin/java -classpath /opt/nifi/nifi-current/./conf:/opt/nifi/nifi-current/./lib/nifi-framework-api-1.18.0.jar:/opt/nifi/nifi-current/./lib/nifi-api-1.18.0.jar:/opt/nifi/nifi-current/./lib/nifi-runtime-1.18.0.jar:/opt/nifi/nifi-current/./lib/jetty-schemas-5.2.jar:/opt/nifi/nifi-current/./lib/jcl-over-slf4j-1.7.36.jar:/opt/nifi/nifi-current/./lib/jul-to-slf4j-1.7.36.jar:/opt/nifi/nifi-current/./lib/javax.servlet-api-3.1.0.jar:/opt/nifi/nifi-current/./lib/logback-core-1.2.11.jar:/opt/nifi/nifi-current/./lib/slf4j-api-1.7.36.jar:/opt/nifi/nifi-current/./lib/nifi-properties-1.18.0.jar:/opt/nifi/nifi-current/./lib/nifi-property-utils-1.18.0.jar:/opt/nifi/nifi-current/./lib/logback-classic-1.2.11.jar:/opt/nifi/nifi-current/./lib/nifi-server-api-1.18.0.jar:/opt/nifi/nifi-current/./lib/nifi-nar-utils-1.18.0.jar:/opt/nifi/nifi-current/./lib/nifi-stateless-bootstrap-1.18.0.jar:/opt/nifi/nifi-current/./lib/nifi-stateless-api-1.18.0.jar:/opt/nifi/nifi-current/./lib/log4j-over-slf4j-1.7.36.jar -Dorg.apache.jasper.compiler.disablejsr199=true -Xmx512m -Xms512m -Dcurator-log-only-first-connection-issue-as-error-level=true -Djavax.security.auth.useSubjectCredsOnly=true -Djava.security.egd=file:/dev/urandom -Dzookeeper.admin.enableServer=false -Dsun.net.http.allowRestrictedHeaders=true -Djava.net.preferIPv4Stack=true -Djava.awt.headless=true -Djava.protocol.handler.pkgs=sun.net.www.protocol -Dnifi.properties.file.path=/opt/nifi/nifi-current/./conf/nifi.properties -Dnifi.bootstrap.listen.port=46579 -Dapp=NiFi -Dorg.apache.nifi.bootstrap.config.log.dir=/opt/nifi/nifi-current/logs org.apache.nifi.NiFi 
2023-04-25 21:07:25,736 INFO [main] org.apache.nifi.bootstrap.Command Launched Apache NiFi with Process ID 90
2023-04-25 21:07:26,024 INFO [NiFi Bootstrap Command Listener] org.apache.nifi.bootstrap.RunNiFi Apache NiFi now running and listening for Bootstrap requests on port 39345
2023-04-25 22:21:07,008 INFO [main] o.a.n.b.NotificationServiceManager Successfully loaded the following 0 services: []
2023-04-25 22:21:07,010 INFO [main] org.apache.nifi.bootstrap.RunNiFi Registered no Notification Services for Notification Type NIFI_STARTED
2023-04-25 22:21:07,010 INFO [main] org.apache.nifi.bootstrap.RunNiFi Registered no Notification Services for Notification Type NIFI_STOPPED
2023-04-25 22:21:07,010 INFO [main] org.apache.nifi.bootstrap.RunNiFi Registered no Notification Services for Notification Type NIFI_DIED
2023-04-25 22:21:07,023 INFO [main] org.apache.nifi.bootstrap.Command Apache NiFi has accepted the Shutdown Command and is shutting down now
2023-04-25 22:21:07,049 INFO [main] org.apache.nifi.bootstrap.Command NiFi PID [90] shutdown in progress...
2023-04-25 22:21:09,057 INFO [main] org.apache.nifi.bootstrap.Command NiFi PID [90] shutdown in progress...
2023-04-25 22:21:10,265 INFO [main] org.apache.nifi.bootstrap.RunNiFi A shutdown was initiated. Will not restart NiFi
2023-04-25 22:21:11,064 INFO [main] org.apache.nifi.bootstrap.Command NiFi PID [90] shutdown completed
