2023-04-14 10:00:08,944 INFO [Write-Ahead Local State Provider Maintenance] org.wali.MinimalLockingWriteAheadLog org.wali.MinimalLockingWriteAheadLog@1f27b6fc checkpointed with 2 Records and 0 Swap Files in 12 milliseconds (Stop-the-world time = 4 milliseconds, Clear Edit Logs time = 1 millis), max Transaction ID 12213
2023-04-14 10:00:09,345 INFO [Cleanup Archive for default] o.a.n.c.repository.FileSystemRepository Successfully deleted 0 files (0 bytes) from archive
2023-04-14 10:00:09,347 INFO [Cleanup Archive for default] o.a.n.c.repository.FileSystemRepository Archive cleanup completed for container default; will now allow writing to this container. Bytes used = 10.6 GB, bytes free = 52.09 GB, capacity = 62.69 GB
2023-04-14 10:00:15,664 INFO [pool-7-thread-1] o.a.n.c.r.WriteAheadFlowFileRepository Initiating checkpoint of FlowFile Repository
2023-04-14 10:00:15,707 INFO [pool-7-thread-1] o.a.n.wali.SequentialAccessWriteAheadLog Checkpointed Write-Ahead Log with 1473 Records and 0 Swap Files in 41 milliseconds (Stop-the-world time = 18 milliseconds), max Transaction ID 34133
2023-04-14 10:00:15,708 INFO [pool-7-thread-1] o.a.n.c.r.WriteAheadFlowFileRepository Successfully checkpointed FlowFile Repository with 1473 records in 42 milliseconds
2023-04-14 10:00:35,724 INFO [pool-7-thread-1] o.a.n.c.r.WriteAheadFlowFileRepository Initiating checkpoint of FlowFile Repository
2023-04-14 10:00:35,761 INFO [pool-7-thread-1] o.a.n.wali.SequentialAccessWriteAheadLog Checkpointed Write-Ahead Log with 1533 Records and 0 Swap Files in 36 milliseconds (Stop-the-world time = 15 milliseconds), max Transaction ID 34353
2023-04-14 10:00:35,762 INFO [pool-7-thread-1] o.a.n.c.r.WriteAheadFlowFileRepository Successfully checkpointed FlowFile Repository with 1533 records in 36 milliseconds
2023-04-14 10:00:55,778 INFO [pool-7-thread-1] o.a.n.c.r.WriteAheadFlowFileRepository Initiating checkpoint of FlowFile Repository
2023-04-14 10:00:55,818 INFO [pool-7-thread-1] o.a.n.wali.SequentialAccessWriteAheadLog Checkpointed Write-Ahead Log with 1593 Records and 0 Swap Files in 39 milliseconds (Stop-the-world time = 16 milliseconds), max Transaction ID 34573
2023-04-14 10:00:55,819 INFO [pool-7-thread-1] o.a.n.c.r.WriteAheadFlowFileRepository Successfully checkpointed FlowFile Repository with 1593 records in 40 milliseconds
2023-04-14 10:01:09,396 INFO [Cleanup Archive for default] o.a.n.c.repository.FileSystemRepository Successfully deleted 0 files (0 bytes) from archive
2023-04-14 10:01:09,396 INFO [Cleanup Archive for default] o.a.n.c.repository.FileSystemRepository Archive cleanup completed for container default; will now allow writing to this container. Bytes used = 10.61 GB, bytes free = 52.09 GB, capacity = 62.69 GB
2023-04-14 10:01:15,820 INFO [pool-7-thread-1] o.a.n.c.r.WriteAheadFlowFileRepository Initiating checkpoint of FlowFile Repository
2023-04-14 10:01:15,853 INFO [pool-7-thread-1] o.a.n.wali.SequentialAccessWriteAheadLog Checkpointed Write-Ahead Log with 1653 Records and 0 Swap Files in 32 milliseconds (Stop-the-world time = 4 milliseconds), max Transaction ID 34793
2023-04-14 10:01:15,854 INFO [pool-7-thread-1] o.a.n.c.r.WriteAheadFlowFileRepository Successfully checkpointed FlowFile Repository with 1653 records in 33 milliseconds
2023-04-14 10:01:35,870 INFO [pool-7-thread-1] o.a.n.c.r.WriteAheadFlowFileRepository Initiating checkpoint of FlowFile Repository
2023-04-14 10:01:35,896 INFO [pool-7-thread-1] o.a.n.wali.SequentialAccessWriteAheadLog Checkpointed Write-Ahead Log with 1713 Records and 0 Swap Files in 24 milliseconds (Stop-the-world time = 7 milliseconds), max Transaction ID 35013
2023-04-14 10:01:35,896 INFO [pool-7-thread-1] o.a.n.c.r.WriteAheadFlowFileRepository Successfully checkpointed FlowFile Repository with 1713 records in 24 milliseconds
2023-04-14 10:01:55,927 INFO [pool-7-thread-1] o.a.n.c.r.WriteAheadFlowFileRepository Initiating checkpoint of FlowFile Repository
2023-04-14 10:01:55,965 INFO [pool-7-thread-1] o.a.n.wali.SequentialAccessWriteAheadLog Checkpointed Write-Ahead Log with 1773 Records and 0 Swap Files in 36 milliseconds (Stop-the-world time = 18 milliseconds), max Transaction ID 35233
2023-04-14 10:01:55,965 INFO [pool-7-thread-1] o.a.n.c.r.WriteAheadFlowFileRepository Successfully checkpointed FlowFile Repository with 1773 records in 37 milliseconds
2023-04-14 10:02:09,048 INFO [Write-Ahead Local State Provider Maintenance] org.wali.MinimalLockingWriteAheadLog org.wali.MinimalLockingWriteAheadLog@1f27b6fc checkpointed with 2 Records and 0 Swap Files in 23 milliseconds (Stop-the-world time = 4 milliseconds, Clear Edit Logs time = 2 millis), max Transaction ID 12693
2023-04-14 10:02:09,458 INFO [Cleanup Archive for default] o.a.n.c.repository.FileSystemRepository Successfully deleted 0 files (0 bytes) from archive
2023-04-14 10:02:09,459 INFO [Cleanup Archive for default] o.a.n.c.repository.FileSystemRepository Archive cleanup completed for container default; will now allow writing to this container. Bytes used = 10.61 GB, bytes free = 52.09 GB, capacity = 62.69 GB
2023-04-14 10:02:15,966 INFO [pool-7-thread-1] o.a.n.c.r.WriteAheadFlowFileRepository Initiating checkpoint of FlowFile Repository
2023-04-14 10:02:16,001 INFO [pool-7-thread-1] o.a.n.wali.SequentialAccessWriteAheadLog Checkpointed Write-Ahead Log with 1833 Records and 0 Swap Files in 34 milliseconds (Stop-the-world time = 17 milliseconds), max Transaction ID 35453
2023-04-14 10:02:16,001 INFO [pool-7-thread-1] o.a.n.c.r.WriteAheadFlowFileRepository Successfully checkpointed FlowFile Repository with 1833 records in 34 milliseconds
2023-04-14 10:02:36,021 INFO [pool-7-thread-1] o.a.n.c.r.WriteAheadFlowFileRepository Initiating checkpoint of FlowFile Repository
2023-04-14 10:02:36,058 INFO [pool-7-thread-1] o.a.n.wali.SequentialAccessWriteAheadLog Checkpointed Write-Ahead Log with 1893 Records and 0 Swap Files in 35 milliseconds (Stop-the-world time = 18 milliseconds), max Transaction ID 35675
2023-04-14 10:02:36,059 INFO [pool-7-thread-1] o.a.n.c.r.WriteAheadFlowFileRepository Successfully checkpointed FlowFile Repository with 1893 records in 36 milliseconds
2023-04-14 10:02:56,076 INFO [pool-7-thread-1] o.a.n.c.r.WriteAheadFlowFileRepository Initiating checkpoint of FlowFile Repository
2023-04-14 10:02:56,113 INFO [pool-7-thread-1] o.a.n.wali.SequentialAccessWriteAheadLog Checkpointed Write-Ahead Log with 1953 Records and 0 Swap Files in 36 milliseconds (Stop-the-world time = 17 milliseconds), max Transaction ID 35895
2023-04-14 10:02:56,114 INFO [pool-7-thread-1] o.a.n.c.r.WriteAheadFlowFileRepository Successfully checkpointed FlowFile Repository with 1953 records in 36 milliseconds
2023-04-14 10:03:09,515 INFO [Cleanup Archive for default] o.a.n.c.repository.FileSystemRepository Successfully deleted 0 files (0 bytes) from archive
2023-04-14 10:03:09,516 INFO [Cleanup Archive for default] o.a.n.c.repository.FileSystemRepository Archive cleanup completed for container default; will now allow writing to this container. Bytes used = 10.61 GB, bytes free = 52.09 GB, capacity = 62.69 GB
